2025-09-06 00:18:10 | INFO     | __main__:main:71 - 应用程序启动
2025-09-06 00:18:37 | INFO     | __main__:main:71 - 应用程序启动
2025-09-06 00:19:10 | INFO     | __main__:main:71 - 应用程序启动
2025-09-06 00:19:10 | INFO     | src.core.service_locator:initialize_services:115 - 开始初始化服务容器
2025-09-06 00:19:10 | INFO     | src.core.service_locator:initialize_services:130 - 服务容器初始化完成
2025-09-06 00:19:10 | INFO     | __main__:main:84 - 依赖注入容器初始化完成
2025-09-06 00:19:10 | INFO     | src.ui.main_window.main_window_mvp:__init__:20 - 主窗口MVP初始化完成
2025-09-06 00:19:11 | INFO     | __main__:main:90 - 主窗口已显示
2025-09-06 00:20:21 | INFO     | src.ui.main_window.main_window_mvp:on_start_automation:36 - 用户点击开始自动化
2025-09-06 00:20:24 | INFO     | src.ui.main_window.main_window_mvp:on_stop_automation:45 - 用户点击停止自动化
2025-09-06 00:20:27 | INFO     | __main__:main:95 - 应用程序退出，退出码: 0
2025-09-06 07:36:57 | INFO     | __main__:main:71 - 应用程序启动
2025-09-06 07:36:57 | INFO     | src.core.service_locator:initialize_services:115 - 开始初始化服务容器
2025-09-06 07:36:57 | INFO     | src.core.service_locator:initialize_services:130 - 服务容器初始化完成
2025-09-06 07:36:57 | INFO     | __main__:main:84 - 依赖注入容器初始化完成
2025-09-06 07:36:57 | INFO     | src.ui.main_window.main_window_mvp:__init__:20 - 主窗口MVP初始化完成
2025-09-06 07:36:57 | INFO     | __main__:main:90 - 主窗口已显示
2025-09-06 07:38:24 | INFO     | src.ui.main_window.main_window_mvp:on_start_automation:36 - 用户点击开始自动化
2025-09-06 07:38:27 | INFO     | src.ui.main_window.main_window_mvp:on_stop_automation:45 - 用户点击停止自动化
2025-09-06 07:38:30 | INFO     | __main__:main:95 - 应用程序退出，退出码: 0
2025-09-06 07:39:16 | INFO     | __main__:main:71 - 应用程序启动
2025-09-06 07:39:16 | INFO     | src.core.service_locator:initialize_services:115 - 开始初始化服务容器
2025-09-06 07:39:16 | INFO     | src.core.service_locator:initialize_services:130 - 服务容器初始化完成
2025-09-06 07:39:16 | INFO     | __main__:main:84 - 依赖注入容器初始化完成
2025-09-06 07:39:16 | INFO     | src.ui.main_window.main_window_mvp:__init__:20 - 主窗口MVP初始化完成
2025-09-06 07:39:16 | INFO     | __main__:main:90 - 主窗口已显示
2025-09-06 07:44:42 | INFO     | __main__:main:71 - 应用程序启动
2025-09-06 07:44:42 | INFO     | src.core.service_locator:initialize_services:115 - 开始初始化服务容器
2025-09-06 07:44:42 | INFO     | src.core.service_locator:initialize_services:130 - 服务容器初始化完成
2025-09-06 07:44:42 | INFO     | __main__:main:84 - 依赖注入容器初始化完成
2025-09-06 07:45:10 | INFO     | __main__:main:71 - 应用程序启动
2025-09-06 07:45:10 | INFO     | src.core.service_locator:initialize_services:115 - 开始初始化服务容器
2025-09-06 07:45:10 | INFO     | src.core.service_locator:initialize_services:130 - 服务容器初始化完成
2025-09-06 07:45:10 | INFO     | __main__:main:84 - 依赖注入容器初始化完成
2025-09-06 07:45:46 | INFO     | __main__:main:71 - 应用程序启动
2025-09-06 07:45:46 | INFO     | src.core.service_locator:initialize_services:115 - 开始初始化服务容器
2025-09-06 07:45:46 | INFO     | src.core.service_locator:initialize_services:130 - 服务容器初始化完成
2025-09-06 07:45:46 | INFO     | __main__:main:84 - 依赖注入容器初始化完成
2025-09-06 07:46:27 | INFO     | __main__:main:72 - 应用程序启动
2025-09-06 07:46:27 | INFO     | src.core.service_locator:initialize_services:115 - 开始初始化服务容器
2025-09-06 07:46:27 | INFO     | src.core.service_locator:initialize_services:130 - 服务容器初始化完成
2025-09-06 07:46:27 | INFO     | __main__:main:85 - 依赖注入容器初始化完成
2025-09-06 07:46:43 | INFO     | __main__:main:71 - 应用程序启动
2025-09-06 07:46:43 | INFO     | src.core.service_locator:initialize_services:115 - 开始初始化服务容器
2025-09-06 07:46:43 | INFO     | src.core.service_locator:initialize_services:130 - 服务容器初始化完成
2025-09-06 07:46:43 | INFO     | __main__:main:84 - 依赖注入容器初始化完成
2025-09-06 07:47:20 | INFO     | __main__:main:71 - 应用程序启动
2025-09-06 07:47:20 | INFO     | src.core.service_locator:initialize_services:115 - 开始初始化服务容器
2025-09-06 07:47:20 | INFO     | src.core.service_locator:initialize_services:130 - 服务容器初始化完成
2025-09-06 07:47:20 | INFO     | __main__:main:84 - 依赖注入容器初始化完成
2025-09-06 07:47:21 | INFO     | src.ui.main_window.main_window_mvp:__init__:20 - 主窗口MVP初始化完成
2025-09-06 07:47:21 | INFO     | __main__:main:93 - 主窗口已显示
2025-09-06 07:48:43 | INFO     | src.ui.main_window.main_window_mvp:on_start_automation:36 - 用户点击开始自动化
2025-09-06 07:48:50 | INFO     | __main__:main:98 - 应用程序退出，退出码: 0
2025-09-06 08:11:40 | INFO     | __main__:main:71 - 应用程序启动
2025-09-06 08:11:40 | INFO     | src.core.service_locator:initialize_services:115 - 开始初始化服务容器
2025-09-06 08:11:40 | INFO     | src.core.service_locator:initialize_services:130 - 服务容器初始化完成
2025-09-06 08:11:40 | INFO     | __main__:main:84 - 依赖注入容器初始化完成
2025-09-06 08:11:40 | INFO     | src.ui.main_window.main_window_mvp:__init__:20 - 主窗口MVP初始化完成
2025-09-06 08:11:40 | INFO     | __main__:main:93 - 主窗口已显示
2025-09-06 08:17:21 | INFO     | __main__:main:71 - 应用程序启动
2025-09-06 08:17:21 | INFO     | src.core.service_locator:initialize_services:115 - 开始初始化服务容器
2025-09-06 08:17:21 | INFO     | src.core.service_locator:initialize_services:130 - 服务容器初始化完成
2025-09-06 08:17:21 | INFO     | __main__:main:84 - 依赖注入容器初始化完成
2025-09-06 08:17:21 | INFO     | src.ui.main_window.main_window_mvp:__init__:20 - 主窗口MVP初始化完成
2025-09-06 08:17:21 | INFO     | __main__:main:93 - 主窗口已显示
2025-09-06 08:17:31 | INFO     | src.ui.main_window.main_window_mvp:on_start_automation:36 - 用户点击开始自动化
2025-09-06 08:17:35 | INFO     | src.ui.main_window.main_window_mvp:on_stop_automation:61 - 用户点击停止自动化
2025-09-06 08:17:37 | INFO     | __main__:main:98 - 应用程序退出，退出码: 0
2025-09-06 08:32:09 | INFO     | __main__:main:71 - 应用程序启动
2025-09-06 08:32:09 | INFO     | src.core.service_locator:initialize_services:115 - 开始初始化服务容器
2025-09-06 08:32:09 | INFO     | src.core.service_locator:initialize_services:130 - 服务容器初始化完成
2025-09-06 08:32:09 | INFO     | __main__:main:84 - 依赖注入容器初始化完成
2025-09-06 08:32:37 | INFO     | __main__:main:71 - 应用程序启动
2025-09-06 08:32:37 | INFO     | src.core.service_locator:initialize_services:115 - 开始初始化服务容器
2025-09-06 08:32:37 | INFO     | src.core.service_locator:initialize_services:130 - 服务容器初始化完成
2025-09-06 08:32:37 | INFO     | __main__:main:84 - 依赖注入容器初始化完成
2025-09-06 08:33:08 | INFO     | __main__:main:71 - 应用程序启动
2025-09-06 08:33:08 | INFO     | src.core.service_locator:initialize_services:115 - 开始初始化服务容器
2025-09-06 08:33:08 | INFO     | src.core.service_locator:initialize_services:130 - 服务容器初始化完成
2025-09-06 08:33:08 | INFO     | __main__:main:84 - 依赖注入容器初始化完成
2025-09-06 08:33:38 | INFO     | __main__:main:71 - 应用程序启动
2025-09-06 08:33:38 | INFO     | src.core.service_locator:initialize_services:115 - 开始初始化服务容器
2025-09-06 08:33:38 | INFO     | src.core.service_locator:initialize_services:130 - 服务容器初始化完成
2025-09-06 08:33:38 | INFO     | __main__:main:84 - 依赖注入容器初始化完成
2025-09-06 08:35:47 | INFO     | __main__:main:71 - 应用程序启动
2025-09-06 08:35:47 | INFO     | src.core.service_locator:initialize_services:115 - 开始初始化服务容器
2025-09-06 08:35:47 | INFO     | src.core.service_locator:initialize_services:130 - 服务容器初始化完成
2025-09-06 08:35:47 | INFO     | __main__:main:84 - 依赖注入容器初始化完成
2025-09-06 09:35:38 | INFO     | __main__:main:71 - 应用程序启动
2025-09-06 09:35:38 | INFO     | src.core.service_locator:initialize_services:115 - 开始初始化服务容器
2025-09-06 09:35:38 | INFO     | src.core.service_locator:initialize_services:130 - 服务容器初始化完成
2025-09-06 09:35:38 | INFO     | __main__:main:84 - 依赖注入容器初始化完成
2025-09-06 09:35:38 | INFO     | src.ui.main_window.main_window_mvp:__init__:46 - 监控系统已启动
2025-09-06 09:35:38 | INFO     | src.ui.main_window.main_window_mvp:__init__:51 - 主窗口MVP初始化完成
2025-09-06 09:35:38 | INFO     | __main__:main:93 - 主窗口已显示
2025-09-06 09:35:42 | INFO     | src.ui.main_window.main_window_mvp:on_start_automation:71 - 用户点击开始自动化
2025-09-06 09:35:42 | ERROR    | src.ui.main_window.main_window_mvp:on_start_automation:125 - 启动自动化处理失败: 'TaskManager' object has no attribute 'start_concurrent_manager'
2025-09-06 09:36:27 | INFO     | __main__:main:71 - 应用程序启动
2025-09-06 09:36:27 | INFO     | src.core.service_locator:initialize_services:115 - 开始初始化服务容器
2025-09-06 09:36:27 | INFO     | src.core.service_locator:initialize_services:130 - 服务容器初始化完成
2025-09-06 09:36:27 | INFO     | __main__:main:84 - 依赖注入容器初始化完成
2025-09-06 09:36:27 | INFO     | src.ui.main_window.main_window_mvp:__init__:46 - 监控系统已启动
2025-09-06 09:36:27 | INFO     | src.ui.main_window.main_window_mvp:__init__:51 - 主窗口MVP初始化完成
2025-09-06 09:36:27 | INFO     | __main__:main:93 - 主窗口已显示
2025-09-06 09:36:31 | INFO     | src.ui.main_window.main_window_mvp:on_start_automation:71 - 用户点击开始自动化
2025-09-06 09:36:31 | ERROR    | src.ui.main_window.main_window_mvp:on_start_automation:125 - 启动自动化处理失败: 'MetricsCollector' object has no attribute 'record_gauge'
2025-09-06 09:37:05 | INFO     | src.ui.main_window.main_window_mvp:on_start_automation:71 - 用户点击开始自动化
2025-09-06 09:37:05 | ERROR    | src.ui.main_window.main_window_mvp:on_start_automation:125 - 启动自动化处理失败: 'MetricsCollector' object has no attribute 'record_gauge'
2025-09-06 09:37:14 | INFO     | __main__:main:71 - 应用程序启动
2025-09-06 09:37:14 | INFO     | src.core.service_locator:initialize_services:115 - 开始初始化服务容器
2025-09-06 09:37:14 | INFO     | src.core.service_locator:initialize_services:130 - 服务容器初始化完成
2025-09-06 09:37:14 | INFO     | __main__:main:84 - 依赖注入容器初始化完成
2025-09-06 09:37:15 | INFO     | src.ui.main_window.main_window_mvp:__init__:46 - 监控系统已启动
2025-09-06 09:37:15 | INFO     | src.ui.main_window.main_window_mvp:__init__:51 - 主窗口MVP初始化完成
2025-09-06 09:37:15 | INFO     | __main__:main:93 - 主窗口已显示
2025-09-06 09:37:17 | INFO     | src.ui.main_window.main_window_mvp:on_start_automation:71 - 用户点击开始自动化
2025-09-06 09:37:17 | ERROR    | src.ui.main_window.main_window_mvp:on_start_automation:125 - 启动自动化处理失败: 'AutomationController' object has no attribute 'get_available_tasks'
2025-09-06 09:37:48 | INFO     | __main__:main:71 - 应用程序启动
2025-09-06 09:37:48 | INFO     | src.core.service_locator:initialize_services:115 - 开始初始化服务容器
2025-09-06 09:37:48 | INFO     | src.core.service_locator:initialize_services:130 - 服务容器初始化完成
2025-09-06 09:37:48 | INFO     | __main__:main:84 - 依赖注入容器初始化完成
2025-09-06 09:37:48 | INFO     | src.ui.main_window.main_window_mvp:__init__:46 - 监控系统已启动
2025-09-06 09:37:48 | INFO     | src.ui.main_window.main_window_mvp:__init__:51 - 主窗口MVP初始化完成
2025-09-06 09:37:48 | INFO     | __main__:main:93 - 主窗口已显示
2025-09-06 09:38:02 | INFO     | src.ui.main_window.main_window_mvp:on_start_automation:71 - 用户点击开始自动化
2025-09-06 09:38:02 | ERROR    | src.ui.main_window.main_window_mvp:on_start_automation:125 - 启动自动化处理失败: 'AutomationController' object has no attribute 'get_available_tasks'
2025-09-06 09:42:51 | INFO     | __main__:main:71 - 应用程序启动
2025-09-06 09:42:51 | INFO     | src.core.service_locator:initialize_services:115 - 开始初始化服务容器
2025-09-06 09:42:51 | INFO     | src.core.service_locator:initialize_services:130 - 服务容器初始化完成
2025-09-06 09:42:51 | INFO     | __main__:main:84 - 依赖注入容器初始化完成
2025-09-06 09:42:52 | INFO     | src.ui.main_window.main_window_mvp:__init__:46 - 监控系统已启动
2025-09-06 09:42:52 | INFO     | src.ui.main_window.main_window_mvp:__init__:51 - 主窗口MVP初始化完成
2025-09-06 09:42:52 | INFO     | __main__:main:93 - 主窗口已显示
2025-09-06 09:53:51 | INFO     | __main__:main:71 - 应用程序启动
2025-09-06 09:53:51 | INFO     | src.core.service_locator:initialize_services:115 - 开始初始化服务容器
2025-09-06 09:53:51 | INFO     | src.core.service_locator:initialize_services:130 - 服务容器初始化完成
2025-09-06 09:53:51 | INFO     | __main__:main:84 - 依赖注入容器初始化完成
2025-09-06 09:53:51 | INFO     | src.ui.main_window.main_window_mvp:__init__:62 - 监控系统已启动
2025-09-06 09:53:51 | INFO     | src.ui.main_window.main_window_mvp:__init__:67 - 主窗口MVP初始化完成
2025-09-06 09:53:52 | INFO     | __main__:main:93 - 主窗口已显示
