2025-09-02T00:55:43.325008 [ERROR] test_component::0 - 测试错误日志

2025-09-02T00:56:12.394842 [INFO] test_export::0 - 测试导出日志

2025-09-02T00:56:35.445486 [INFO] performance_test::0 - 测试日志 0

2025-09-02T00:56:35.446103 [INFO] performance_test::0 - 测试日志 1

2025-09-02T00:56:35.446449 [INFO] performance_test::0 - 测试日志 2

2025-09-02T00:56:35.446711 [INFO] performance_test::0 - 测试日志 3

2025-09-02T00:56:35.446922 [INFO] performance_test::0 - 测试日志 4

2025-09-02T00:56:35.447116 [INFO] performance_test::0 - 测试日志 5

2025-09-02T00:56:35.447440 [INFO] performance_test::0 - 测试日志 6

2025-09-02T00:56:35.447714 [INFO] performance_test::0 - 测试日志 7

2025-09-02T00:56:35.448591 [INFO] performance_test::0 - 测试日志 8

2025-09-02T00:56:35.448896 [INFO] performance_test::0 - 测试日志 9

2025-09-02T00:56:35.449130 [INFO] performance_test::0 - 测试日志 10

2025-09-02T00:56:35.449393 [INFO] performance_test::0 - 测试日志 11

2025-09-02T00:56:35.449603 [INFO] performance_test::0 - 测试日志 12

2025-09-02T00:56:35.449774 [INFO] performance_test::0 - 测试日志 13

2025-09-02T00:56:35.449977 [INFO] performance_test::0 - 测试日志 14

2025-09-02T00:56:35.450183 [INFO] performance_test::0 - 测试日志 15

2025-09-02T00:56:35.450383 [INFO] performance_test::0 - 测试日志 16

2025-09-02T00:56:35.450566 [INFO] performance_test::0 - 测试日志 17

2025-09-02T00:56:35.450764 [INFO] performance_test::0 - 测试日志 18

2025-09-02T00:56:35.450962 [INFO] performance_test::0 - 测试日志 19

2025-09-02T00:56:35.451192 [INFO] performance_test::0 - 测试日志 20

2025-09-02T00:56:35.451468 [INFO] performance_test::0 - 测试日志 21

2025-09-02T00:56:35.451649 [INFO] performance_test::0 - 测试日志 22

2025-09-02T00:56:35.451825 [INFO] performance_test::0 - 测试日志 23

2025-09-02T00:56:35.451993 [INFO] performance_test::0 - 测试日志 24

2025-09-02T00:56:35.452173 [INFO] performance_test::0 - 测试日志 25

2025-09-02T00:56:35.452506 [INFO] performance_test::0 - 测试日志 26

2025-09-02T00:56:35.452821 [INFO] performance_test::0 - 测试日志 27

2025-09-02T00:56:35.453051 [INFO] performance_test::0 - 测试日志 28

2025-09-02T00:56:35.453279 [INFO] performance_test::0 - 测试日志 29

2025-09-02T00:56:35.453448 [INFO] performance_test::0 - 测试日志 30

2025-09-02T00:56:35.453601 [INFO] performance_test::0 - 测试日志 31

2025-09-02T00:56:35.453742 [INFO] performance_test::0 - 测试日志 32

2025-09-02T00:56:35.453882 [INFO] performance_test::0 - 测试日志 33

2025-09-02T00:56:35.454010 [INFO] performance_test::0 - 测试日志 34

2025-09-02T00:56:35.454127 [INFO] performance_test::0 - 测试日志 35

2025-09-02T00:56:35.454249 [INFO] performance_test::0 - 测试日志 36

2025-09-02T00:56:35.454402 [INFO] performance_test::0 - 测试日志 37

2025-09-02T00:56:35.454563 [INFO] performance_test::0 - 测试日志 38

2025-09-02T00:56:35.454701 [INFO] performance_test::0 - 测试日志 39

2025-09-02T00:56:35.454854 [INFO] performance_test::0 - 测试日志 40

2025-09-02T00:56:35.454982 [INFO] performance_test::0 - 测试日志 41

2025-09-02T00:56:35.455103 [INFO] performance_test::0 - 测试日志 42

2025-09-02T00:56:35.455252 [INFO] performance_test::0 - 测试日志 43

2025-09-02T00:56:35.455447 [INFO] performance_test::0 - 测试日志 44

2025-09-02T00:56:35.455622 [INFO] performance_test::0 - 测试日志 45

2025-09-02T00:56:35.455825 [INFO] performance_test::0 - 测试日志 46

2025-09-02T00:56:35.455982 [INFO] performance_test::0 - 测试日志 47

2025-09-02T00:56:35.456164 [INFO] performance_test::0 - 测试日志 48

2025-09-02T00:56:35.456300 [INFO] performance_test::0 - 测试日志 49

2025-09-02T00:56:35.456416 [INFO] performance_test::0 - 测试日志 50

2025-09-02T00:56:35.456530 [INFO] performance_test::0 - 测试日志 51

2025-09-02T00:56:35.456644 [INFO] performance_test::0 - 测试日志 52

2025-09-02T00:56:35.456817 [INFO] performance_test::0 - 测试日志 53

2025-09-02T00:56:35.456946 [INFO] performance_test::0 - 测试日志 54

2025-09-02T00:56:35.457058 [INFO] performance_test::0 - 测试日志 55

2025-09-02T00:56:35.457174 [INFO] performance_test::0 - 测试日志 56

2025-09-02T00:56:35.457285 [INFO] performance_test::0 - 测试日志 57

2025-09-02T00:56:35.457393 [INFO] performance_test::0 - 测试日志 58

2025-09-02T00:56:35.457497 [INFO] performance_test::0 - 测试日志 59

2025-09-02T00:56:35.457601 [INFO] performance_test::0 - 测试日志 60

2025-09-02T00:56:35.457710 [INFO] performance_test::0 - 测试日志 61

2025-09-02T00:56:35.457818 [INFO] performance_test::0 - 测试日志 62

2025-09-02T00:56:35.457922 [INFO] performance_test::0 - 测试日志 63

2025-09-02T00:56:35.458027 [INFO] performance_test::0 - 测试日志 64

2025-09-02T00:56:35.458137 [INFO] performance_test::0 - 测试日志 65

2025-09-02T00:56:35.458248 [INFO] performance_test::0 - 测试日志 66

2025-09-02T00:56:35.458353 [INFO] performance_test::0 - 测试日志 67

2025-09-02T00:56:35.458461 [INFO] performance_test::0 - 测试日志 68

2025-09-02T00:56:35.458574 [INFO] performance_test::0 - 测试日志 69

2025-09-02T00:56:35.458683 [INFO] performance_test::0 - 测试日志 70

2025-09-02T00:56:35.458807 [INFO] performance_test::0 - 测试日志 71

2025-09-02T00:56:35.458917 [INFO] performance_test::0 - 测试日志 72

2025-09-02T00:56:35.459022 [INFO] performance_test::0 - 测试日志 73

2025-09-02T00:56:35.459125 [INFO] performance_test::0 - 测试日志 74

2025-09-02T00:56:35.459228 [INFO] performance_test::0 - 测试日志 75

2025-09-02T00:56:35.459337 [INFO] performance_test::0 - 测试日志 76

2025-09-02T00:56:35.459454 [INFO] performance_test::0 - 测试日志 77

2025-09-02T00:56:35.459564 [INFO] performance_test::0 - 测试日志 78

2025-09-02T00:56:35.459675 [INFO] performance_test::0 - 测试日志 79

2025-09-02T00:56:35.460128 [INFO] performance_test::0 - 测试日志 80

2025-09-02T00:56:35.460555 [INFO] performance_test::0 - 测试日志 81

2025-09-02T00:56:35.461033 [INFO] performance_test::0 - 测试日志 82

2025-09-02T00:56:35.461319 [INFO] performance_test::0 - 测试日志 83

2025-09-02T00:56:35.461587 [INFO] performance_test::0 - 测试日志 84

2025-09-02T00:56:35.461797 [INFO] performance_test::0 - 测试日志 85

2025-09-02T00:56:35.461984 [INFO] performance_test::0 - 测试日志 86

2025-09-02T00:56:35.462138 [INFO] performance_test::0 - 测试日志 87

2025-09-02T00:56:35.462271 [INFO] performance_test::0 - 测试日志 88

2025-09-02T00:56:35.462395 [INFO] performance_test::0 - 测试日志 89

2025-09-02T00:56:35.462534 [INFO] performance_test::0 - 测试日志 90

2025-09-02T00:56:35.462666 [INFO] performance_test::0 - 测试日志 91

2025-09-02T00:56:35.462810 [INFO] performance_test::0 - 测试日志 92

2025-09-02T00:56:35.462977 [INFO] performance_test::0 - 测试日志 93

2025-09-02T00:56:35.463102 [INFO] performance_test::0 - 测试日志 94

2025-09-02T00:56:35.463215 [INFO] performance_test::0 - 测试日志 95

2025-09-02T00:56:35.463351 [INFO] performance_test::0 - 测试日志 96

2025-09-02T00:56:35.463527 [INFO] performance_test::0 - 测试日志 97

2025-09-02T00:56:35.463666 [INFO] performance_test::0 - 测试日志 98

2025-09-02T00:56:35.463863 [INFO] performance_test::0 - 测试日志 99

2025-09-02T00:56:43.464560 [INFO] thread_0::0 - 线程0日志0

2025-09-02T00:56:43.464823 [INFO] thread_1::0 - 线程1日志0

2025-09-02T00:56:43.465146 [INFO] thread_2::0 - 线程2日志0

2025-09-02T00:56:43.465296 [INFO] thread_0::0 - 线程0日志1

2025-09-02T00:56:43.465467 [INFO] thread_3::0 - 线程3日志0

2025-09-02T00:56:43.466000 [INFO] thread_4::0 - 线程4日志0

2025-09-02T00:56:43.465887 [INFO] thread_1::0 - 线程1日志1

2025-09-02T00:56:43.466346 [INFO] thread_2::0 - 线程2日志1

2025-09-02T00:56:43.466739 [INFO] thread_3::0 - 线程3日志1

2025-09-02T00:56:43.466885 [INFO] thread_0::0 - 线程0日志2

2025-09-02T00:56:43.467389 [INFO] thread_4::0 - 线程4日志1

2025-09-02T00:56:43.467711 [INFO] thread_2::0 - 线程2日志2

2025-09-02T00:56:43.467807 [INFO] thread_1::0 - 线程1日志2

2025-09-02T00:56:43.467987 [INFO] thread_3::0 - 线程3日志2

2025-09-02T00:56:43.468206 [INFO] thread_4::0 - 线程4日志2

2025-09-02T00:56:43.468324 [INFO] thread_0::0 - 线程0日志3

2025-09-02T00:56:43.468924 [INFO] thread_1::0 - 线程1日志3

2025-09-02T00:56:43.469158 [INFO] thread_2::0 - 线程2日志3

2025-09-02T00:56:43.469409 [INFO] thread_4::0 - 线程4日志3

2025-09-02T00:56:43.469575 [INFO] thread_0::0 - 线程0日志4

2025-09-02T00:56:43.469850 [INFO] thread_3::0 - 线程3日志3

2025-09-02T00:56:43.470016 [INFO] thread_1::0 - 线程1日志4

2025-09-02T00:56:43.470339 [INFO] thread_4::0 - 线程4日志4

2025-09-02T00:56:43.470555 [INFO] thread_2::0 - 线程2日志4

2025-09-02T00:56:43.471037 [INFO] thread_1::0 - 线程1日志5

2025-09-02T00:56:43.470954 [INFO] thread_3::0 - 线程3日志4

2025-09-02T00:56:43.470776 [INFO] thread_0::0 - 线程0日志5

2025-09-02T00:56:43.471218 [INFO] thread_4::0 - 线程4日志5

2025-09-02T00:56:43.471858 [INFO] thread_2::0 - 线程2日志5

2025-09-02T00:56:43.472007 [INFO] thread_3::0 - 线程3日志5

2025-09-02T00:56:43.472108 [INFO] thread_4::0 - 线程4日志6

2025-09-02T00:56:43.472358 [INFO] thread_2::0 - 线程2日志6

2025-09-02T00:56:43.471936 [INFO] thread_1::0 - 线程1日志6

2025-09-02T00:56:43.472194 [INFO] thread_0::0 - 线程0日志6

2025-09-02T00:56:43.472660 [INFO] thread_3::0 - 线程3日志6

2025-09-02T00:56:43.472989 [INFO] thread_4::0 - 线程4日志7

2025-09-02T00:56:43.473346 [INFO] thread_0::0 - 线程0日志7

2025-09-02T00:56:43.473086 [INFO] thread_2::0 - 线程2日志7

2025-09-02T00:56:43.473572 [INFO] thread_3::0 - 线程3日志7

2025-09-02T00:56:43.473713 [INFO] thread_4::0 - 线程4日志8

2025-09-02T00:56:43.473254 [INFO] thread_1::0 - 线程1日志7

2025-09-02T00:56:43.474204 [INFO] thread_2::0 - 线程2日志8

2025-09-02T00:56:43.473907 [INFO] thread_0::0 - 线程0日志8

2025-09-02T00:56:43.474265 [INFO] thread_3::0 - 线程3日志8

2025-09-02T00:56:43.474463 [INFO] thread_1::0 - 线程1日志8

2025-09-02T00:56:43.474551 [INFO] thread_4::0 - 线程4日志9

2025-09-02T00:56:43.474716 [INFO] thread_2::0 - 线程2日志9

2025-09-02T00:56:43.474845 [INFO] thread_0::0 - 线程0日志9

2025-09-02T00:56:43.475103 [INFO] thread_3::0 - 线程3日志9

2025-09-02T00:56:43.475412 [INFO] thread_4::0 - 线程4日志10

2025-09-02T00:56:43.475657 [INFO] thread_2::0 - 线程2日志10

2025-09-02T00:56:43.475866 [INFO] thread_0::0 - 线程0日志10

2025-09-02T00:56:43.476535 [INFO] thread_3::0 - 线程3日志10

2025-09-02T00:56:43.475755 [INFO] thread_1::0 - 线程1日志9

2025-09-02T00:56:43.477180 [INFO] thread_0::0 - 线程0日志11

2025-09-02T00:56:43.476114 [INFO] thread_4::0 - 线程4日志11

2025-09-02T00:56:43.476447 [INFO] thread_2::0 - 线程2日志11

2025-09-02T00:56:43.477809 [INFO] thread_3::0 - 线程3日志11

2025-09-02T00:56:43.478175 [INFO] thread_4::0 - 线程4日志12

2025-09-02T00:56:43.478503 [INFO] thread_1::0 - 线程1日志10

2025-09-02T00:56:43.478289 [INFO] thread_2::0 - 线程2日志12

2025-09-02T00:56:43.478612 [INFO] thread_0::0 - 线程0日志12

2025-09-02T00:56:43.478937 [INFO] thread_4::0 - 线程4日志13

2025-09-02T00:56:43.479429 [INFO] thread_2::0 - 线程2日志13

2025-09-02T00:56:43.479544 [INFO] thread_0::0 - 线程0日志13

2025-09-02T00:56:43.479258 [INFO] thread_1::0 - 线程1日志11

2025-09-02T00:56:43.479750 [INFO] thread_4::0 - 线程4日志14

2025-09-02T00:56:43.479925 [INFO] thread_3::0 - 线程3日志13

2025-09-02T00:56:43.480366 [INFO] thread_0::0 - 线程0日志14

2025-09-02T00:56:43.480210 [INFO] thread_2::0 - 线程2日志14

2025-09-02T00:56:43.480522 [INFO] thread_1::0 - 线程1日志12

2025-09-02T00:56:43.480626 [INFO] thread_4::0 - 线程4日志15

2025-09-02T00:56:43.480914 [INFO] thread_3::0 - 线程3日志14

2025-09-02T00:56:43.481051 [INFO] thread_2::0 - 线程2日志15

2025-09-02T00:56:43.481168 [INFO] thread_0::0 - 线程0日志15

2025-09-02T00:56:43.481399 [INFO] thread_1::0 - 线程1日志13

2025-09-02T00:56:43.481736 [INFO] thread_4::0 - 线程4日志16

2025-09-02T00:56:43.481617 [INFO] thread_3::0 - 线程3日志15

2025-09-02T00:56:43.482068 [INFO] thread_0::0 - 线程0日志16

2025-09-02T00:56:43.481909 [INFO] thread_2::0 - 线程2日志16

2025-09-02T00:56:43.482636 [INFO] thread_1::0 - 线程1日志14

2025-09-02T00:56:43.482819 [INFO] thread_0::0 - 线程0日志17

2025-09-02T00:56:43.483055 [INFO] thread_4::0 - 线程4日志17

2025-09-02T00:56:43.483242 [INFO] thread_3::0 - 线程3日志16

2025-09-02T00:56:43.483570 [INFO] thread_1::0 - 线程1日志15

2025-09-02T00:56:43.483694 [INFO] thread_0::0 - 线程0日志18

2025-09-02T00:56:43.483949 [INFO] thread_4::0 - 线程4日志18

2025-09-02T00:56:43.484125 [INFO] thread_2::0 - 线程2日志18

2025-09-02T00:56:43.484267 [INFO] thread_3::0 - 线程3日志17

2025-09-02T00:56:43.484598 [INFO] thread_0::0 - 线程0日志19

2025-09-02T00:56:43.484523 [INFO] thread_1::0 - 线程1日志16

2025-09-02T00:56:43.484765 [INFO] thread_4::0 - 线程4日志19

2025-09-02T00:56:43.485143 [INFO] thread_3::0 - 线程3日志18

2025-09-02T00:56:43.485244 [INFO] thread_0::0 - 线程0日志20

2025-09-02T00:56:43.485359 [INFO] thread_1::0 - 线程1日志17

2025-09-02T00:56:43.485581 [INFO] thread_4::0 - 线程4日志20

2025-09-02T00:56:43.485432 [INFO] thread_2::0 - 线程2日志19

2025-09-02T00:56:43.485903 [INFO] thread_3::0 - 线程3日志19

2025-09-02T00:56:43.486361 [INFO] thread_2::0 - 线程2日志20

2025-09-02T00:56:43.486750 [INFO] thread_3::0 - 线程3日志20

2025-09-02T00:56:43.486518 [INFO] thread_4::0 - 线程4日志21

2025-09-02T00:56:43.486866 [INFO] thread_1::0 - 线程1日志18

2025-09-02T00:56:43.486987 [INFO] thread_0::0 - 线程0日志21

2025-09-02T00:56:43.487507 [INFO] thread_2::0 - 线程2日志21

2025-09-02T00:56:43.487690 [INFO] thread_3::0 - 线程3日志21

2025-09-02T00:56:43.487981 [INFO] thread_0::0 - 线程0日志22

2025-09-02T00:56:43.487796 [INFO] thread_1::0 - 线程1日志19

2025-09-02T00:56:43.488094 [INFO] thread_4::0 - 线程4日志22

2025-09-02T00:56:43.488263 [INFO] thread_2::0 - 线程2日志22

2025-09-02T00:56:43.488465 [INFO] thread_3::0 - 线程3日志22

2025-09-02T00:56:43.488635 [INFO] thread_0::0 - 线程0日志23

2025-09-02T00:56:43.488853 [INFO] thread_1::0 - 线程1日志20

2025-09-02T00:56:43.489315 [INFO] thread_2::0 - 线程2日志23

2025-09-02T00:56:43.489173 [INFO] thread_4::0 - 线程4日志23

2025-09-02T00:56:43.489643 [INFO] thread_0::0 - 线程0日志24

2025-09-02T00:56:43.489544 [INFO] thread_1::0 - 线程1日志21

2025-09-02T00:56:43.489760 [INFO] thread_3::0 - 线程3日志23

2025-09-02T00:56:43.490116 [INFO] thread_4::0 - 线程4日志24

2025-09-02T00:56:43.490431 [INFO] thread_2::0 - 线程2日志24

2025-09-02T00:56:43.490572 [INFO] thread_0::0 - 线程0日志25

2025-09-02T00:56:43.490885 [INFO] thread_4::0 - 线程4日志25

2025-09-02T00:56:43.490735 [INFO] thread_3::0 - 线程3日志24

2025-09-02T00:56:43.490992 [INFO] thread_1::0 - 线程1日志22

2025-09-02T00:56:43.491358 [INFO] thread_0::0 - 线程0日志26

2025-09-02T00:56:43.491745 [INFO] thread_3::0 - 线程3日志25

2025-09-02T00:56:43.491571 [INFO] thread_2::0 - 线程2日志25

2025-09-02T00:56:43.491929 [INFO] thread_1::0 - 线程1日志23

2025-09-02T00:56:43.492015 [INFO] thread_4::0 - 线程4日志26

2025-09-02T00:56:43.492396 [INFO] thread_3::0 - 线程3日志26

2025-09-02T00:56:43.492740 [INFO] thread_1::0 - 线程1日志24

2025-09-02T00:56:43.492192 [INFO] thread_0::0 - 线程0日志27

2025-09-02T00:56:43.493129 [INFO] thread_4::0 - 线程4日志27

2025-09-02T00:56:43.493335 [INFO] thread_2::0 - 线程2日志26

2025-09-02T00:56:43.493968 [INFO] thread_4::0 - 线程4日志28

2025-09-02T00:56:43.493638 [INFO] thread_1::0 - 线程1日志25

2025-09-02T00:56:43.494072 [INFO] thread_3::0 - 线程3日志27

2025-09-02T00:56:43.493824 [INFO] thread_0::0 - 线程0日志28

2025-09-02T00:56:43.494207 [INFO] thread_2::0 - 线程2日志27

2025-09-02T00:56:43.494455 [INFO] thread_4::0 - 线程4日志29

2025-09-02T00:56:43.494638 [INFO] thread_1::0 - 线程1日志26

2025-09-02T00:56:43.494944 [INFO] thread_3::0 - 线程3日志28

2025-09-02T00:56:43.495042 [INFO] thread_0::0 - 线程0日志29

2025-09-02T00:56:43.495129 [INFO] thread_2::0 - 线程2日志28

2025-09-02T00:56:43.495312 [INFO] thread_4::0 - 线程4日志30

2025-09-02T00:56:43.495486 [INFO] thread_1::0 - 线程1日志27

2025-09-02T00:56:43.495794 [INFO] thread_0::0 - 线程0日志30

2025-09-02T00:56:43.495638 [INFO] thread_3::0 - 线程3日志29

2025-09-02T00:56:43.496147 [INFO] thread_2::0 - 线程2日志29

2025-09-02T00:56:43.496494 [INFO] thread_1::0 - 线程1日志28

2025-09-02T00:56:43.496375 [INFO] thread_0::0 - 线程0日志31

2025-09-02T00:56:43.496566 [INFO] thread_4::0 - 线程4日志31

2025-09-02T00:56:43.496667 [INFO] thread_3::0 - 线程3日志30

2025-09-02T00:56:43.496844 [INFO] thread_2::0 - 线程2日志30

2025-09-02T00:56:43.497028 [INFO] thread_1::0 - 线程1日志29

2025-09-02T00:56:43.497144 [INFO] thread_0::0 - 线程0日志32

2025-09-02T00:56:43.497671 [INFO] thread_4::0 - 线程4日志32

2025-09-02T00:56:43.497790 [INFO] thread_2::0 - 线程2日志31

2025-09-02T00:56:43.497522 [INFO] thread_3::0 - 线程3日志31

2025-09-02T00:56:43.497882 [INFO] thread_1::0 - 线程1日志30

2025-09-02T00:56:43.498056 [INFO] thread_0::0 - 线程0日志33

2025-09-02T00:56:43.498230 [INFO] thread_4::0 - 线程4日志33

2025-09-02T00:56:43.498641 [INFO] thread_3::0 - 线程3日志32

2025-09-02T00:56:43.498781 [INFO] thread_1::0 - 线程1日志31

2025-09-02T00:56:43.498966 [INFO] thread_0::0 - 线程0日志34

2025-09-02T00:56:43.499232 [INFO] thread_3::0 - 线程3日志33

2025-09-02T00:56:43.499545 [INFO] thread_4::0 - 线程4日志34

2025-09-02T00:56:43.499396 [INFO] thread_2::0 - 线程2日志33

2025-09-02T00:56:43.499703 [INFO] thread_1::0 - 线程1日志32

2025-09-02T00:56:43.500342 [INFO] thread_2::0 - 线程2日志34

2025-09-02T00:56:43.500511 [INFO] thread_3::0 - 线程3日志34

2025-09-02T00:56:43.500175 [INFO] thread_0::0 - 线程0日志35

2025-09-02T00:56:43.500588 [INFO] thread_4::0 - 线程4日志35

2025-09-02T00:56:43.500657 [INFO] thread_1::0 - 线程1日志33

2025-09-02T00:56:43.500858 [INFO] thread_2::0 - 线程2日志35

2025-09-02T00:56:43.501024 [INFO] thread_3::0 - 线程3日志35

2025-09-02T00:56:43.501501 [INFO] thread_4::0 - 线程4日志36

2025-09-02T00:56:43.501334 [INFO] thread_0::0 - 线程0日志36

2025-09-02T00:56:43.501783 [INFO] thread_3::0 - 线程3日志36

2025-09-02T00:56:43.501952 [INFO] thread_2::0 - 线程2日志36

2025-09-02T00:56:43.501616 [INFO] thread_1::0 - 线程1日志34

2025-09-02T00:56:43.502179 [INFO] thread_0::0 - 线程0日志37

2025-09-02T00:56:43.502420 [INFO] thread_4::0 - 线程4日志37

2025-09-02T00:56:43.503074 [INFO] thread_1::0 - 线程1日志35

2025-09-02T00:56:43.502608 [INFO] thread_3::0 - 线程3日志37

2025-09-02T00:56:43.503226 [INFO] thread_2::0 - 线程2日志37

2025-09-02T00:56:43.503598 [INFO] thread_0::0 - 线程0日志38

2025-09-02T00:56:43.503910 [INFO] thread_4::0 - 线程4日志38

2025-09-02T00:56:43.504090 [INFO] thread_2::0 - 线程2日志38

2025-09-02T00:56:43.504244 [INFO] thread_0::0 - 线程0日志39

2025-09-02T00:56:43.504330 [INFO] thread_3::0 - 线程3日志38

2025-09-02T00:56:43.504633 [INFO] thread_1::0 - 线程1日志36

2025-09-02T00:56:43.504533 [INFO] thread_4::0 - 线程4日志39

2025-09-02T00:56:43.504775 [INFO] thread_2::0 - 线程2日志39

2025-09-02T00:56:43.504923 [INFO] thread_0::0 - 线程0日志40

2025-09-02T00:56:43.505140 [INFO] thread_1::0 - 线程1日志37

2025-09-02T00:56:43.505539 [INFO] thread_4::0 - 线程4日志40

2025-09-02T00:56:43.505610 [INFO] thread_2::0 - 线程2日志40

2025-09-02T00:56:43.505687 [INFO] thread_3::0 - 线程3日志39

2025-09-02T00:56:43.505836 [INFO] thread_0::0 - 线程0日志41

2025-09-02T00:56:43.506173 [INFO] thread_1::0 - 线程1日志38

2025-09-02T00:56:43.506376 [INFO] thread_3::0 - 线程3日志40

2025-09-02T00:56:43.506525 [INFO] thread_0::0 - 线程0日志42

2025-09-02T00:56:43.506628 [INFO] thread_2::0 - 线程2日志41

2025-09-02T00:56:43.507085 [INFO] thread_1::0 - 线程1日志39

2025-09-02T00:56:43.507399 [INFO] thread_0::0 - 线程0日志43

2025-09-02T00:56:43.506782 [INFO] thread_4::0 - 线程4日志41

2025-09-02T00:56:43.507307 [INFO] thread_3::0 - 线程3日志41

2025-09-02T00:56:43.508041 [INFO] thread_1::0 - 线程1日志40

2025-09-02T00:56:43.508163 [INFO] thread_2::0 - 线程2日志42

2025-09-02T00:56:43.508258 [INFO] thread_0::0 - 线程0日志44

2025-09-02T00:56:43.508546 [INFO] thread_4::0 - 线程4日志42

2025-09-02T00:56:43.508902 [INFO] thread_1::0 - 线程1日志41

2025-09-02T00:56:43.508792 [INFO] thread_3::0 - 线程3日志42

2025-09-02T00:56:43.509532 [INFO] thread_0::0 - 线程0日志45

2025-09-02T00:56:43.510074 [INFO] thread_0::0 - 线程0日志46

2025-09-02T00:56:43.509174 [INFO] thread_2::0 - 线程2日志43

2025-09-02T00:56:43.510344 [INFO] thread_0::0 - 线程0日志47

2025-09-02T00:56:43.511164 [INFO] thread_4::0 - 线程4日志43

2025-09-02T00:56:43.511391 [INFO] thread_2::0 - 线程2日志44

2025-09-02T00:56:43.511570 [INFO] thread_3::0 - 线程3日志43

2025-09-02T00:56:43.511659 [INFO] thread_1::0 - 线程1日志42

2025-09-02T00:56:43.511846 [INFO] thread_0::0 - 线程0日志48

2025-09-02T00:56:43.512073 [INFO] thread_4::0 - 线程4日志44

2025-09-02T00:56:43.512355 [INFO] thread_2::0 - 线程2日志45

2025-09-02T00:56:43.512464 [INFO] thread_3::0 - 线程3日志44

2025-09-02T00:56:43.512789 [INFO] thread_1::0 - 线程1日志43

2025-09-02T00:56:43.513090 [INFO] thread_2::0 - 线程2日志46

2025-09-02T00:56:43.513183 [INFO] thread_0::0 - 线程0日志49

2025-09-02T00:56:43.513339 [INFO] thread_4::0 - 线程4日志45

2025-09-02T00:56:43.513487 [INFO] thread_3::0 - 线程3日志45

2025-09-02T00:56:43.513907 [INFO] thread_1::0 - 线程1日志44

2025-09-02T00:56:43.513723 [INFO] thread_2::0 - 线程2日志47

2025-09-02T00:56:43.514296 [INFO] thread_4::0 - 线程4日志46

2025-09-02T00:56:43.514815 [INFO] thread_1::0 - 线程1日志45

2025-09-02T00:56:43.515063 [INFO] thread_2::0 - 线程2日志48

2025-09-02T00:56:43.514599 [INFO] thread_3::0 - 线程3日志46

2025-09-02T00:56:43.515329 [INFO] thread_4::0 - 线程4日志47

2025-09-02T00:56:43.515573 [INFO] thread_1::0 - 线程1日志46

2025-09-02T00:56:43.515785 [INFO] thread_3::0 - 线程3日志47

2025-09-02T00:56:43.516021 [INFO] thread_2::0 - 线程2日志49

2025-09-02T00:56:43.516199 [INFO] thread_4::0 - 线程4日志48

2025-09-02T00:56:43.516599 [INFO] thread_3::0 - 线程3日志48

2025-09-02T00:56:43.516400 [INFO] thread_1::0 - 线程1日志47

2025-09-02T00:56:43.516998 [INFO] thread_4::0 - 线程4日志49

2025-09-02T00:56:43.517207 [INFO] thread_3::0 - 线程3日志49

2025-09-02T00:56:43.517407 [INFO] thread_1::0 - 线程1日志48

2025-09-02T00:56:43.517814 [INFO] thread_1::0 - 线程1日志49

2025-09-02T02:09:42.012635 [ERROR] test_component::0 - 测试错误日志

2025-09-02T02:10:12.068657 [INFO] test_export::0 - 测试导出日志

2025-09-02T02:10:35.116874 [INFO] performance_test::0 - 测试日志 0

2025-09-02T02:10:35.117162 [INFO] performance_test::0 - 测试日志 1

2025-09-02T02:10:35.117404 [INFO] performance_test::0 - 测试日志 2

2025-09-02T02:10:35.117580 [INFO] performance_test::0 - 测试日志 3

2025-09-02T02:10:35.117783 [INFO] performance_test::0 - 测试日志 4

2025-09-02T02:10:35.117975 [INFO] performance_test::0 - 测试日志 5

2025-09-02T02:10:35.118188 [INFO] performance_test::0 - 测试日志 6

2025-09-02T02:10:35.118451 [INFO] performance_test::0 - 测试日志 7

2025-09-02T02:10:35.118567 [INFO] performance_test::0 - 测试日志 8

2025-09-02T02:10:35.118675 [INFO] performance_test::0 - 测试日志 9

2025-09-02T02:10:35.118781 [INFO] performance_test::0 - 测试日志 10

2025-09-02T02:10:35.118885 [INFO] performance_test::0 - 测试日志 11

2025-09-02T02:10:35.118986 [INFO] performance_test::0 - 测试日志 12

2025-09-02T02:10:35.119090 [INFO] performance_test::0 - 测试日志 13

2025-09-02T02:10:35.119190 [INFO] performance_test::0 - 测试日志 14

2025-09-02T02:10:35.119290 [INFO] performance_test::0 - 测试日志 15

2025-09-02T02:10:35.119399 [INFO] performance_test::0 - 测试日志 16

2025-09-02T02:10:35.119505 [INFO] performance_test::0 - 测试日志 17

2025-09-02T02:10:35.119606 [INFO] performance_test::0 - 测试日志 18

2025-09-02T02:10:35.119709 [INFO] performance_test::0 - 测试日志 19

2025-09-02T02:10:35.119812 [INFO] performance_test::0 - 测试日志 20

2025-09-02T02:10:35.119913 [INFO] performance_test::0 - 测试日志 21

2025-09-02T02:10:35.120013 [INFO] performance_test::0 - 测试日志 22

2025-09-02T02:10:35.120114 [INFO] performance_test::0 - 测试日志 23

2025-09-02T02:10:35.120216 [INFO] performance_test::0 - 测试日志 24

2025-09-02T02:10:35.120321 [INFO] performance_test::0 - 测试日志 25

2025-09-02T02:10:35.120427 [INFO] performance_test::0 - 测试日志 26

2025-09-02T02:10:35.120529 [INFO] performance_test::0 - 测试日志 27

2025-09-02T02:10:35.120628 [INFO] performance_test::0 - 测试日志 28

2025-09-02T02:10:35.120731 [INFO] performance_test::0 - 测试日志 29

2025-09-02T02:10:35.120832 [INFO] performance_test::0 - 测试日志 30

2025-09-02T02:10:35.120930 [INFO] performance_test::0 - 测试日志 31

2025-09-02T02:10:35.121032 [INFO] performance_test::0 - 测试日志 32

2025-09-02T02:10:35.121137 [INFO] performance_test::0 - 测试日志 33

2025-09-02T02:10:35.121239 [INFO] performance_test::0 - 测试日志 34

2025-09-02T02:10:35.121375 [INFO] performance_test::0 - 测试日志 35

2025-09-02T02:10:35.121483 [INFO] performance_test::0 - 测试日志 36

2025-09-02T02:10:35.121585 [INFO] performance_test::0 - 测试日志 37

2025-09-02T02:10:35.121687 [INFO] performance_test::0 - 测试日志 38

2025-09-02T02:10:35.121789 [INFO] performance_test::0 - 测试日志 39

2025-09-02T02:10:35.121891 [INFO] performance_test::0 - 测试日志 40

2025-09-02T02:10:35.121996 [INFO] performance_test::0 - 测试日志 41

2025-09-02T02:10:35.122102 [INFO] performance_test::0 - 测试日志 42

2025-09-02T02:10:35.122206 [INFO] performance_test::0 - 测试日志 43

2025-09-02T02:10:35.122311 [INFO] performance_test::0 - 测试日志 44

2025-09-02T02:10:35.122451 [INFO] performance_test::0 - 测试日志 45

2025-09-02T02:10:35.122611 [INFO] performance_test::0 - 测试日志 46

2025-09-02T02:10:35.122759 [INFO] performance_test::0 - 测试日志 47

2025-09-02T02:10:35.122890 [INFO] performance_test::0 - 测试日志 48

2025-09-02T02:10:35.122998 [INFO] performance_test::0 - 测试日志 49

2025-09-02T02:10:35.123102 [INFO] performance_test::0 - 测试日志 50

2025-09-02T02:10:35.123202 [INFO] performance_test::0 - 测试日志 51

2025-09-02T02:10:35.123307 [INFO] performance_test::0 - 测试日志 52

2025-09-02T02:10:35.123413 [INFO] performance_test::0 - 测试日志 53

2025-09-02T02:10:35.123571 [INFO] performance_test::0 - 测试日志 54

2025-09-02T02:10:35.123714 [INFO] performance_test::0 - 测试日志 55

2025-09-02T02:10:35.123857 [INFO] performance_test::0 - 测试日志 56

2025-09-02T02:10:35.123980 [INFO] performance_test::0 - 测试日志 57

2025-09-02T02:10:35.124133 [INFO] performance_test::0 - 测试日志 58

2025-09-02T02:10:35.124295 [INFO] performance_test::0 - 测试日志 59

2025-09-02T02:10:35.124416 [INFO] performance_test::0 - 测试日志 60

2025-09-02T02:10:35.124527 [INFO] performance_test::0 - 测试日志 61

2025-09-02T02:10:35.124641 [INFO] performance_test::0 - 测试日志 62

2025-09-02T02:10:35.124833 [INFO] performance_test::0 - 测试日志 63

2025-09-02T02:10:35.125158 [INFO] performance_test::0 - 测试日志 64

2025-09-02T02:10:35.125454 [INFO] performance_test::0 - 测试日志 65

2025-09-02T02:10:35.125694 [INFO] performance_test::0 - 测试日志 66

2025-09-02T02:10:35.125902 [INFO] performance_test::0 - 测试日志 67

2025-09-02T02:10:35.126106 [INFO] performance_test::0 - 测试日志 68

2025-09-02T02:10:35.126322 [INFO] performance_test::0 - 测试日志 69

2025-09-02T02:10:35.126540 [INFO] performance_test::0 - 测试日志 70

2025-09-02T02:10:35.126766 [INFO] performance_test::0 - 测试日志 71

2025-09-02T02:10:35.126980 [INFO] performance_test::0 - 测试日志 72

2025-09-02T02:10:35.127182 [INFO] performance_test::0 - 测试日志 73

2025-09-02T02:10:35.127326 [INFO] performance_test::0 - 测试日志 74

2025-09-02T02:10:35.127475 [INFO] performance_test::0 - 测试日志 75

2025-09-02T02:10:35.127617 [INFO] performance_test::0 - 测试日志 76

2025-09-02T02:10:35.127733 [INFO] performance_test::0 - 测试日志 77

2025-09-02T02:10:35.127850 [INFO] performance_test::0 - 测试日志 78

2025-09-02T02:10:35.127970 [INFO] performance_test::0 - 测试日志 79

2025-09-02T02:10:35.128108 [INFO] performance_test::0 - 测试日志 80

2025-09-02T02:10:35.128247 [INFO] performance_test::0 - 测试日志 81

2025-09-02T02:10:35.128415 [INFO] performance_test::0 - 测试日志 82

2025-09-02T02:10:35.128605 [INFO] performance_test::0 - 测试日志 83

2025-09-02T02:10:35.128787 [INFO] performance_test::0 - 测试日志 84

2025-09-02T02:10:35.128925 [INFO] performance_test::0 - 测试日志 85

2025-09-02T02:10:35.129041 [INFO] performance_test::0 - 测试日志 86

2025-09-02T02:10:35.129150 [INFO] performance_test::0 - 测试日志 87

2025-09-02T02:10:35.129259 [INFO] performance_test::0 - 测试日志 88

2025-09-02T02:10:35.129364 [INFO] performance_test::0 - 测试日志 89

2025-09-02T02:10:35.129496 [INFO] performance_test::0 - 测试日志 90

2025-09-02T02:10:35.129745 [INFO] performance_test::0 - 测试日志 91

2025-09-02T02:10:35.129936 [INFO] performance_test::0 - 测试日志 92

2025-09-02T02:10:35.130085 [INFO] performance_test::0 - 测试日志 93

2025-09-02T02:10:35.130211 [INFO] performance_test::0 - 测试日志 94

2025-09-02T02:10:35.130325 [INFO] performance_test::0 - 测试日志 95

2025-09-02T02:10:35.130437 [INFO] performance_test::0 - 测试日志 96

2025-09-02T02:10:35.130554 [INFO] performance_test::0 - 测试日志 97

2025-09-02T02:10:35.130724 [INFO] performance_test::0 - 测试日志 98

2025-09-02T02:10:35.130919 [INFO] performance_test::0 - 测试日志 99

2025-09-02T02:10:42.136695 [INFO] thread_0::0 - 线程0日志0

2025-09-02T02:10:42.136938 [INFO] thread_1::0 - 线程1日志0

2025-09-02T02:10:42.137172 [INFO] thread_2::0 - 线程2日志0

2025-09-02T02:10:42.137673 [INFO] thread_1::0 - 线程1日志1

2025-09-02T02:10:42.137439 [INFO] thread_0::0 - 线程0日志1

2025-09-02T02:10:42.137768 [INFO] thread_3::0 - 线程3日志0

2025-09-02T02:10:42.138317 [INFO] thread_4::0 - 线程4日志0

2025-09-02T02:10:42.138206 [INFO] thread_2::0 - 线程2日志1

2025-09-02T02:10:42.138863 [INFO] thread_0::0 - 线程0日志2

2025-09-02T02:10:42.138777 [INFO] thread_3::0 - 线程3日志1

2025-09-02T02:10:42.138537 [INFO] thread_1::0 - 线程1日志2

2025-09-02T02:10:42.139183 [INFO] thread_4::0 - 线程4日志1

2025-09-02T02:10:42.139394 [INFO] thread_0::0 - 线程0日志3

2025-09-02T02:10:42.139771 [INFO] thread_2::0 - 线程2日志2

2025-09-02T02:10:42.139540 [INFO] thread_1::0 - 线程1日志3

2025-09-02T02:10:42.139670 [INFO] thread_3::0 - 线程3日志2

2025-09-02T02:10:42.139993 [INFO] thread_4::0 - 线程4日志2

2025-09-02T02:10:42.140204 [INFO] thread_2::0 - 线程2日志3

2025-09-02T02:10:42.140410 [INFO] thread_1::0 - 线程1日志4

2025-09-02T02:10:42.140638 [INFO] thread_4::0 - 线程4日志3

2025-09-02T02:10:42.140506 [INFO] thread_0::0 - 线程0日志4

2025-09-02T02:10:42.140966 [INFO] thread_3::0 - 线程3日志3

2025-09-02T02:10:42.141257 [INFO] thread_2::0 - 线程2日志4

2025-09-02T02:10:42.141467 [INFO] thread_1::0 - 线程1日志5

2025-09-02T02:10:42.141952 [INFO] thread_0::0 - 线程0日志5

2025-09-02T02:10:42.141705 [INFO] thread_4::0 - 线程4日志4

2025-09-02T02:10:42.142311 [INFO] thread_3::0 - 线程3日志4

2025-09-02T02:10:42.142779 [INFO] thread_2::0 - 线程2日志5

2025-09-02T02:10:42.142619 [INFO] thread_1::0 - 线程1日志6

2025-09-02T02:10:42.143110 [INFO] thread_4::0 - 线程4日志5

2025-09-02T02:10:42.142950 [INFO] thread_0::0 - 线程0日志6

2025-09-02T02:10:42.143219 [INFO] thread_3::0 - 线程3日志5

2025-09-02T02:10:42.143555 [INFO] thread_4::0 - 线程4日志6

2025-09-02T02:10:42.143666 [INFO] thread_1::0 - 线程1日志7

2025-09-02T02:10:42.144042 [INFO] thread_0::0 - 线程0日志7

2025-09-02T02:10:42.144113 [INFO] thread_3::0 - 线程3日志6

2025-09-02T02:10:42.143898 [INFO] thread_2::0 - 线程2日志6

2025-09-02T02:10:42.144318 [INFO] thread_1::0 - 线程1日志8

2025-09-02T02:10:42.144544 [INFO] thread_0::0 - 线程0日志8

2025-09-02T02:10:42.144439 [INFO] thread_4::0 - 线程4日志7

2025-09-02T02:10:42.144727 [INFO] thread_3::0 - 线程3日志7

2025-09-02T02:10:42.144921 [INFO] thread_1::0 - 线程1日志9

2025-09-02T02:10:42.145280 [INFO] thread_0::0 - 线程0日志9

2025-09-02T02:10:42.145088 [INFO] thread_2::0 - 线程2日志7

2025-09-02T02:10:42.145479 [INFO] thread_4::0 - 线程4日志8

2025-09-02T02:10:42.145399 [INFO] thread_3::0 - 线程3日志8

2025-09-02T02:10:42.145666 [INFO] thread_1::0 - 线程1日志10

2025-09-02T02:10:42.145843 [INFO] thread_2::0 - 线程2日志8

2025-09-02T02:10:42.146096 [INFO] thread_4::0 - 线程4日志9

2025-09-02T02:10:42.146397 [INFO] thread_1::0 - 线程1日志11

2025-09-02T02:10:42.146178 [INFO] thread_0::0 - 线程0日志10

2025-09-02T02:10:42.146322 [INFO] thread_3::0 - 线程3日志9

2025-09-02T02:10:42.146682 [INFO] thread_4::0 - 线程4日志10

2025-09-02T02:10:42.146546 [INFO] thread_2::0 - 线程2日志9

2025-09-02T02:10:42.146882 [INFO] thread_1::0 - 线程1日志12

2025-09-02T02:10:42.147063 [INFO] thread_0::0 - 线程0日志11

2025-09-02T02:10:42.147447 [INFO] thread_4::0 - 线程4日志11

2025-09-02T02:10:42.147311 [INFO] thread_3::0 - 线程3日志10

2025-09-02T02:10:42.147532 [INFO] thread_2::0 - 线程2日志10

2025-09-02T02:10:42.147713 [INFO] thread_1::0 - 线程1日志13

2025-09-02T02:10:42.148073 [INFO] thread_0::0 - 线程0日志12

2025-09-02T02:10:42.148186 [INFO] thread_3::0 - 线程3日志11

2025-09-02T02:10:42.148128 [INFO] thread_4::0 - 线程4日志12

2025-09-02T02:10:42.148263 [INFO] thread_2::0 - 线程2日志11

2025-09-02T02:10:42.148407 [INFO] thread_1::0 - 线程1日志14

2025-09-02T02:10:42.148655 [INFO] thread_0::0 - 线程0日志13

2025-09-02T02:10:42.148950 [INFO] thread_3::0 - 线程3日志12

2025-09-02T02:10:42.148894 [INFO] thread_4::0 - 线程4日志13

2025-09-02T02:10:42.149014 [INFO] thread_2::0 - 线程2日志12

2025-09-02T02:10:42.149161 [INFO] thread_1::0 - 线程1日志15

2025-09-02T02:10:42.149320 [INFO] thread_0::0 - 线程0日志14

2025-09-02T02:10:42.149480 [INFO] thread_3::0 - 线程3日志13

2025-09-02T02:10:42.149687 [INFO] thread_4::0 - 线程4日志14

2025-09-02T02:10:42.149804 [INFO] thread_1::0 - 线程1日志16

2025-09-02T02:10:42.149902 [INFO] thread_0::0 - 线程0日志15

2025-09-02T02:10:42.149555 [INFO] thread_2::0 - 线程2日志13

2025-09-02T02:10:42.150162 [INFO] thread_4::0 - 线程4日志15

2025-09-02T02:10:42.150313 [INFO] thread_1::0 - 线程1日志17

2025-09-02T02:10:42.150030 [INFO] thread_3::0 - 线程3日志14

2025-09-02T02:10:42.150926 [INFO] thread_4::0 - 线程4日志16

2025-09-02T02:10:42.150548 [INFO] thread_2::0 - 线程2日志14

2025-09-02T02:10:42.151004 [INFO] thread_3::0 - 线程3日志15

2025-09-02T02:10:42.150651 [INFO] thread_0::0 - 线程0日志16

2025-09-02T02:10:42.151081 [INFO] thread_1::0 - 线程1日志18

2025-09-02T02:10:42.151254 [INFO] thread_4::0 - 线程4日志17

2025-09-02T02:10:42.151720 [INFO] thread_4::0 - 线程4日志18

2025-09-02T02:10:42.151618 [INFO] thread_2::0 - 线程2日志15

2025-09-02T02:10:42.151829 [INFO] thread_0::0 - 线程0日志17

2025-09-02T02:10:42.151770 [INFO] thread_3::0 - 线程3日志16

2025-09-02T02:10:42.152252 [INFO] thread_2::0 - 线程2日志16

2025-09-02T02:10:42.151895 [INFO] thread_1::0 - 线程1日志19

2025-09-02T02:10:42.152306 [INFO] thread_0::0 - 线程0日志18

2025-09-02T02:10:42.152365 [INFO] thread_4::0 - 线程4日志19

2025-09-02T02:10:42.152439 [INFO] thread_3::0 - 线程3日志17

2025-09-02T02:10:42.152597 [INFO] thread_2::0 - 线程2日志17

2025-09-02T02:10:42.153031 [INFO] thread_3::0 - 线程3日志18

2025-09-02T02:10:42.152749 [INFO] thread_0::0 - 线程0日志19

2025-09-02T02:10:42.153166 [INFO] thread_4::0 - 线程4日志20

2025-09-02T02:10:42.152893 [INFO] thread_1::0 - 线程1日志20

2025-09-02T02:10:42.153535 [INFO] thread_3::0 - 线程3日志19

2025-09-02T02:10:42.153432 [INFO] thread_2::0 - 线程2日志18

2025-09-02T02:10:42.153891 [INFO] thread_4::0 - 线程4日志21

2025-09-02T02:10:42.154088 [INFO] thread_1::0 - 线程1日志21

2025-09-02T02:10:42.154005 [INFO] thread_0::0 - 线程0日志20

2025-09-02T02:10:42.154320 [INFO] thread_3::0 - 线程3日志20

2025-09-02T02:10:42.154527 [INFO] thread_2::0 - 线程2日志19

2025-09-02T02:10:42.154815 [INFO] thread_1::0 - 线程1日志22

2025-09-02T02:10:42.154619 [INFO] thread_4::0 - 线程4日志22

2025-09-02T02:10:42.155108 [INFO] thread_0::0 - 线程0日志21

2025-09-02T02:10:42.155246 [INFO] thread_2::0 - 线程2日志20

2025-09-02T02:10:42.155523 [INFO] thread_1::0 - 线程1日志23

2025-09-02T02:10:42.155331 [INFO] thread_3::0 - 线程3日志21

2025-09-02T02:10:42.155749 [INFO] thread_4::0 - 线程4日志23

2025-09-02T02:10:42.156182 [INFO] thread_2::0 - 线程2日志21

2025-09-02T02:10:42.155975 [INFO] thread_0::0 - 线程0日志22

2025-09-02T02:10:42.156369 [INFO] thread_3::0 - 线程3日志22

2025-09-02T02:10:42.156736 [INFO] thread_4::0 - 线程4日志24

2025-09-02T02:10:42.156627 [INFO] thread_1::0 - 线程1日志24

2025-09-02T02:10:42.156939 [INFO] thread_2::0 - 线程2日志22

2025-09-02T02:10:42.157102 [INFO] thread_0::0 - 线程0日志23

2025-09-02T02:10:42.157435 [INFO] thread_4::0 - 线程4日志25

2025-09-02T02:10:42.157248 [INFO] thread_3::0 - 线程3日志23

2025-09-02T02:10:42.157970 [INFO] thread_1::0 - 线程1日志25

2025-09-02T02:10:42.158498 [INFO] thread_3::0 - 线程3日志24

2025-09-02T02:10:42.158261 [INFO] thread_2::0 - 线程2日志23

2025-09-02T02:10:42.158595 [INFO] thread_0::0 - 线程0日志24

2025-09-02T02:10:42.158717 [INFO] thread_4::0 - 线程4日志26

2025-09-02T02:10:42.158875 [INFO] thread_1::0 - 线程1日志26

2025-09-02T02:10:42.159624 [INFO] thread_0::0 - 线程0日志25

2025-09-02T02:10:42.159338 [INFO] thread_2::0 - 线程2日志24

2025-09-02T02:10:42.159238 [INFO] thread_3::0 - 线程3日志25

2025-09-02T02:10:42.159699 [INFO] thread_4::0 - 线程4日志27

2025-09-02T02:10:42.159771 [INFO] thread_1::0 - 线程1日志27

2025-09-02T02:10:42.160126 [INFO] thread_0::0 - 线程0日志26

2025-09-02T02:10:42.160296 [INFO] thread_3::0 - 线程3日志26

2025-09-02T02:10:42.160684 [INFO] thread_2::0 - 线程2日志25

2025-09-02T02:10:42.160767 [INFO] thread_4::0 - 线程4日志28

2025-09-02T02:10:42.160866 [INFO] thread_1::0 - 线程1日志28

2025-09-02T02:10:42.161224 [INFO] thread_3::0 - 线程3日志27

2025-09-02T02:10:42.161074 [INFO] thread_0::0 - 线程0日志27

2025-09-02T02:10:42.161399 [INFO] thread_4::0 - 线程4日志29

2025-09-02T02:10:42.161321 [INFO] thread_2::0 - 线程2日志26

2025-09-02T02:10:42.161568 [INFO] thread_1::0 - 线程1日志29

2025-09-02T02:10:42.161967 [INFO] thread_0::0 - 线程0日志28

2025-09-02T02:10:42.162113 [INFO] thread_4::0 - 线程4日志30

2025-09-02T02:10:42.162211 [INFO] thread_2::0 - 线程2日志27

2025-09-02T02:10:42.161768 [INFO] thread_3::0 - 线程3日志28

2025-09-02T02:10:42.162517 [INFO] thread_0::0 - 线程0日志29

2025-09-02T02:10:42.162377 [INFO] thread_1::0 - 线程1日志30

2025-09-02T02:10:42.162816 [INFO] thread_2::0 - 线程2日志28

2025-09-02T02:10:42.162667 [INFO] thread_4::0 - 线程4日志31

2025-09-02T02:10:42.163227 [INFO] thread_0::0 - 线程0日志30

2025-09-02T02:10:42.163387 [INFO] thread_1::0 - 线程1日志31

2025-09-02T02:10:42.162966 [INFO] thread_3::0 - 线程3日志29

2025-09-02T02:10:42.163481 [INFO] thread_2::0 - 线程2日志29

2025-09-02T02:10:42.163608 [INFO] thread_4::0 - 线程4日志32

2025-09-02T02:10:42.163757 [INFO] thread_0::0 - 线程0日志31

2025-09-02T02:10:42.163924 [INFO] thread_1::0 - 线程1日志32

2025-09-02T02:10:42.164293 [INFO] thread_2::0 - 线程2日志30

2025-09-02T02:10:42.164085 [INFO] thread_3::0 - 线程3日志30

2025-09-02T02:10:42.164196 [INFO] thread_4::0 - 线程4日志33

2025-09-02T02:10:42.164555 [INFO] thread_1::0 - 线程1日志33

2025-09-02T02:10:42.164431 [INFO] thread_0::0 - 线程0日志32

2025-09-02T02:10:42.165131 [INFO] thread_4::0 - 线程4日志34

2025-09-02T02:10:42.165274 [INFO] thread_3::0 - 线程3日志31

2025-09-02T02:10:42.165345 [INFO] thread_1::0 - 线程1日志34

2025-09-02T02:10:42.164754 [INFO] thread_2::0 - 线程2日志31

2025-09-02T02:10:42.165515 [INFO] thread_0::0 - 线程0日志33

2025-09-02T02:10:42.165946 [INFO] thread_4::0 - 线程4日志35

2025-09-02T02:10:42.166029 [INFO] thread_1::0 - 线程1日志35

2025-09-02T02:10:42.166231 [INFO] thread_0::0 - 线程0日志34

2025-09-02T02:10:42.166097 [INFO] thread_2::0 - 线程2日志32

2025-09-02T02:10:42.166361 [INFO] thread_4::0 - 线程4日志36

2025-09-02T02:10:42.165806 [INFO] thread_3::0 - 线程3日志32

2025-09-02T02:10:42.166491 [INFO] thread_1::0 - 线程1日志36

2025-09-02T02:10:42.166633 [INFO] thread_0::0 - 线程0日志35

2025-09-02T02:10:42.166768 [INFO] thread_2::0 - 线程2日志33

2025-09-02T02:10:42.166990 [INFO] thread_4::0 - 线程4日志37

2025-09-02T02:10:42.167146 [INFO] thread_3::0 - 线程3日志33

2025-09-02T02:10:42.167254 [INFO] thread_0::0 - 线程0日志36

2025-09-02T02:10:42.167451 [INFO] thread_2::0 - 线程2日志34

2025-09-02T02:10:42.167329 [INFO] thread_1::0 - 线程1日志37

2025-09-02T02:10:42.167644 [INFO] thread_4::0 - 线程4日志38

2025-09-02T02:10:42.167793 [INFO] thread_3::0 - 线程3日志34

2025-09-02T02:10:42.167960 [INFO] thread_0::0 - 线程0日志37

2025-09-02T02:10:42.168150 [INFO] thread_2::0 - 线程2日志35

2025-09-02T02:10:42.168081 [INFO] thread_1::0 - 线程1日志38

2025-09-02T02:10:42.168384 [INFO] thread_3::0 - 线程3日志35

2025-09-02T02:10:42.168740 [INFO] thread_2::0 - 线程2日志36

2025-09-02T02:10:42.168477 [INFO] thread_4::0 - 线程4日志39

2025-09-02T02:10:42.168806 [INFO] thread_0::0 - 线程0日志38

2025-09-02T02:10:42.168969 [INFO] thread_1::0 - 线程1日志39

2025-09-02T02:10:42.169297 [INFO] thread_4::0 - 线程4日志40

2025-09-02T02:10:42.168910 [INFO] thread_3::0 - 线程3日志36

2025-09-02T02:10:42.169417 [INFO] thread_2::0 - 线程2日志37

2025-09-02T02:10:42.169569 [INFO] thread_1::0 - 线程1日志40

2025-09-02T02:10:42.169496 [INFO] thread_0::0 - 线程0日志39

2025-09-02T02:10:42.169791 [INFO] thread_3::0 - 线程3日志37

2025-09-02T02:10:42.169686 [INFO] thread_4::0 - 线程4日志41

2025-09-02T02:10:42.170165 [INFO] thread_1::0 - 线程1日志41

2025-09-02T02:10:42.170338 [INFO] thread_3::0 - 线程3日志38

2025-09-02T02:10:42.170275 [INFO] thread_4::0 - 线程4日志42

2025-09-02T02:10:42.170602 [INFO] thread_2::0 - 线程2日志38

2025-09-02T02:10:42.170794 [INFO] thread_4::0 - 线程4日志43

2025-09-02T02:10:42.170883 [INFO] thread_1::0 - 线程1日志42

2025-09-02T02:10:42.171142 [INFO] thread_2::0 - 线程2日志39

2025-09-02T02:10:42.170478 [INFO] thread_0::0 - 线程0日志40

2025-09-02T02:10:42.171039 [INFO] thread_3::0 - 线程3日志39

2025-09-02T02:10:42.171837 [INFO] thread_2::0 - 线程2日志40

2025-09-02T02:10:42.171697 [INFO] thread_1::0 - 线程1日志43

2025-09-02T02:10:42.171914 [INFO] thread_0::0 - 线程0日志41

2025-09-02T02:10:42.171448 [INFO] thread_4::0 - 线程4日志44

2025-09-02T02:10:42.171978 [INFO] thread_3::0 - 线程3日志40

2025-09-02T02:10:42.172256 [INFO] thread_2::0 - 线程2日志41

2025-09-02T02:10:42.172423 [INFO] thread_1::0 - 线程1日志44

2025-09-02T02:10:42.172668 [INFO] thread_4::0 - 线程4日志45

2025-09-02T02:10:42.172517 [INFO] thread_0::0 - 线程0日志42

2025-09-02T02:10:42.172895 [INFO] thread_3::0 - 线程3日志41

2025-09-02T02:10:42.172985 [INFO] thread_2::0 - 线程2日志42

2025-09-02T02:10:42.173135 [INFO] thread_1::0 - 线程1日志45

2025-09-02T02:10:42.173466 [INFO] thread_3::0 - 线程3日志42

2025-09-02T02:10:42.173324 [INFO] thread_4::0 - 线程4日志46

2025-09-02T02:10:42.173668 [INFO] thread_2::0 - 线程2日志43

2025-09-02T02:10:42.173547 [INFO] thread_0::0 - 线程0日志43

2025-09-02T02:10:42.173810 [INFO] thread_1::0 - 线程1日志46

2025-09-02T02:10:42.174032 [INFO] thread_3::0 - 线程3日志43

2025-09-02T02:10:42.174354 [INFO] thread_0::0 - 线程0日志44

2025-09-02T02:10:42.174125 [INFO] thread_4::0 - 线程4日志47

2025-09-02T02:10:42.174573 [INFO] thread_1::0 - 线程1日志47

2025-09-02T02:10:42.174797 [INFO] thread_3::0 - 线程3日志44

2025-09-02T02:10:42.174913 [INFO] thread_2::0 - 线程2日志44

2025-09-02T02:10:42.175127 [INFO] thread_0::0 - 线程0日志45

2025-09-02T02:10:42.175335 [INFO] thread_1::0 - 线程1日志48

2025-09-02T02:10:42.175508 [INFO] thread_4::0 - 线程4日志48

2025-09-02T02:10:42.175688 [INFO] thread_3::0 - 线程3日志45

2025-09-02T02:10:42.176061 [INFO] thread_2::0 - 线程2日志45

2025-09-02T02:10:42.176341 [INFO] thread_1::0 - 线程1日志49

2025-09-02T02:10:42.176148 [INFO] thread_0::0 - 线程0日志46

2025-09-02T02:10:42.176702 [INFO] thread_3::0 - 线程3日志46

2025-09-02T02:10:42.176452 [INFO] thread_4::0 - 线程4日志49

2025-09-02T02:10:42.176910 [INFO] thread_2::0 - 线程2日志46

2025-09-02T02:10:42.177210 [INFO] thread_3::0 - 线程3日志47

2025-09-02T02:10:42.177052 [INFO] thread_0::0 - 线程0日志47

2025-09-02T02:10:42.177601 [INFO] thread_2::0 - 线程2日志47

2025-09-02T02:10:42.177666 [INFO] thread_3::0 - 线程3日志48

2025-09-02T02:10:42.177825 [INFO] thread_0::0 - 线程0日志48

2025-09-02T02:10:42.177941 [INFO] thread_2::0 - 线程2日志48

2025-09-02T02:10:42.178250 [INFO] thread_2::0 - 线程2日志49

2025-09-02T02:10:42.178136 [INFO] thread_3::0 - 线程3日志49

2025-09-02T02:10:42.178360 [INFO] thread_0::0 - 线程0日志49

2025-09-02T02:58:19.904725 [ERROR] test_component::0 - 测试错误日志

2025-09-02T02:58:51.974929 [INFO] test_export::0 - 测试导出日志

2025-09-02T02:59:15.027480 [INFO] performance_test::0 - 测试日志 0

2025-09-02T02:59:15.027760 [INFO] performance_test::0 - 测试日志 1

2025-09-02T02:59:15.027943 [INFO] performance_test::0 - 测试日志 2

2025-09-02T02:59:15.028144 [INFO] performance_test::0 - 测试日志 3

2025-09-02T02:59:15.028309 [INFO] performance_test::0 - 测试日志 4

2025-09-02T02:59:15.028469 [INFO] performance_test::0 - 测试日志 5

2025-09-02T02:59:15.028612 [INFO] performance_test::0 - 测试日志 6

2025-09-02T02:59:15.028758 [INFO] performance_test::0 - 测试日志 7

2025-09-02T02:59:15.029031 [INFO] performance_test::0 - 测试日志 8

2025-09-02T02:59:15.029232 [INFO] performance_test::0 - 测试日志 9

2025-09-02T02:59:15.029346 [INFO] performance_test::0 - 测试日志 10

2025-09-02T02:59:15.029454 [INFO] performance_test::0 - 测试日志 11

2025-09-02T02:59:15.029556 [INFO] performance_test::0 - 测试日志 12

2025-09-02T02:59:15.029658 [INFO] performance_test::0 - 测试日志 13

2025-09-02T02:59:15.029760 [INFO] performance_test::0 - 测试日志 14

2025-09-02T02:59:15.029865 [INFO] performance_test::0 - 测试日志 15

2025-09-02T02:59:15.029972 [INFO] performance_test::0 - 测试日志 16

2025-09-02T02:59:15.030075 [INFO] performance_test::0 - 测试日志 17

2025-09-02T02:59:15.030176 [INFO] performance_test::0 - 测试日志 18

2025-09-02T02:59:15.030279 [INFO] performance_test::0 - 测试日志 19

2025-09-02T02:59:15.030383 [INFO] performance_test::0 - 测试日志 20

2025-09-02T02:59:15.030484 [INFO] performance_test::0 - 测试日志 21

2025-09-02T02:59:15.030583 [INFO] performance_test::0 - 测试日志 22

2025-09-02T02:59:15.030683 [INFO] performance_test::0 - 测试日志 23

2025-09-02T02:59:15.030782 [INFO] performance_test::0 - 测试日志 24

2025-09-02T02:59:15.030890 [INFO] performance_test::0 - 测试日志 25

2025-09-02T02:59:15.030991 [INFO] performance_test::0 - 测试日志 26

2025-09-02T02:59:15.031092 [INFO] performance_test::0 - 测试日志 27

2025-09-02T02:59:15.031192 [INFO] performance_test::0 - 测试日志 28

2025-09-02T02:59:15.031292 [INFO] performance_test::0 - 测试日志 29

2025-09-02T02:59:15.031392 [INFO] performance_test::0 - 测试日志 30

2025-09-02T02:59:15.031491 [INFO] performance_test::0 - 测试日志 31

2025-09-02T02:59:15.031590 [INFO] performance_test::0 - 测试日志 32

2025-09-02T02:59:15.031692 [INFO] performance_test::0 - 测试日志 33

2025-09-02T02:59:15.031793 [INFO] performance_test::0 - 测试日志 34

2025-09-02T02:59:15.031920 [INFO] performance_test::0 - 测试日志 35

2025-09-02T02:59:15.032037 [INFO] performance_test::0 - 测试日志 36

2025-09-02T02:59:15.032317 [INFO] performance_test::0 - 测试日志 37

2025-09-02T02:59:15.032536 [INFO] performance_test::0 - 测试日志 38

2025-09-02T02:59:15.032704 [INFO] performance_test::0 - 测试日志 39

2025-09-02T02:59:15.032848 [INFO] performance_test::0 - 测试日志 40

2025-09-02T02:59:15.033016 [INFO] performance_test::0 - 测试日志 41

2025-09-02T02:59:15.033155 [INFO] performance_test::0 - 测试日志 42

2025-09-02T02:59:15.033275 [INFO] performance_test::0 - 测试日志 43

2025-09-02T02:59:15.033382 [INFO] performance_test::0 - 测试日志 44

2025-09-02T02:59:15.033490 [INFO] performance_test::0 - 测试日志 45

2025-09-02T02:59:15.033595 [INFO] performance_test::0 - 测试日志 46

2025-09-02T02:59:15.033696 [INFO] performance_test::0 - 测试日志 47

2025-09-02T02:59:15.033797 [INFO] performance_test::0 - 测试日志 48

2025-09-02T02:59:15.033900 [INFO] performance_test::0 - 测试日志 49

2025-09-02T02:59:15.033999 [INFO] performance_test::0 - 测试日志 50

2025-09-02T02:59:15.034097 [INFO] performance_test::0 - 测试日志 51

2025-09-02T02:59:15.034197 [INFO] performance_test::0 - 测试日志 52

2025-09-02T02:59:15.034303 [INFO] performance_test::0 - 测试日志 53

2025-09-02T02:59:15.034410 [INFO] performance_test::0 - 测试日志 54

2025-09-02T02:59:15.034511 [INFO] performance_test::0 - 测试日志 55

2025-09-02T02:59:15.034616 [INFO] performance_test::0 - 测试日志 56

2025-09-02T02:59:15.034717 [INFO] performance_test::0 - 测试日志 57

2025-09-02T02:59:15.034818 [INFO] performance_test::0 - 测试日志 58

2025-09-02T02:59:15.034919 [INFO] performance_test::0 - 测试日志 59

2025-09-02T02:59:15.035018 [INFO] performance_test::0 - 测试日志 60

2025-09-02T02:59:15.035119 [INFO] performance_test::0 - 测试日志 61

2025-09-02T02:59:15.035239 [INFO] performance_test::0 - 测试日志 62

2025-09-02T02:59:15.035344 [INFO] performance_test::0 - 测试日志 63

2025-09-02T02:59:15.035444 [INFO] performance_test::0 - 测试日志 64

2025-09-02T02:59:15.035544 [INFO] performance_test::0 - 测试日志 65

2025-09-02T02:59:15.035642 [INFO] performance_test::0 - 测试日志 66

2025-09-02T02:59:15.035742 [INFO] performance_test::0 - 测试日志 67

2025-09-02T02:59:15.035841 [INFO] performance_test::0 - 测试日志 68

2025-09-02T02:59:15.035940 [INFO] performance_test::0 - 测试日志 69

2025-09-02T02:59:15.036041 [INFO] performance_test::0 - 测试日志 70

2025-09-02T02:59:15.036145 [INFO] performance_test::0 - 测试日志 71

2025-09-02T02:59:15.036247 [INFO] performance_test::0 - 测试日志 72

2025-09-02T02:59:15.036346 [INFO] performance_test::0 - 测试日志 73

2025-09-02T02:59:15.036446 [INFO] performance_test::0 - 测试日志 74

2025-09-02T02:59:15.036544 [INFO] performance_test::0 - 测试日志 75

2025-09-02T02:59:15.036644 [INFO] performance_test::0 - 测试日志 76

2025-09-02T02:59:15.036745 [INFO] performance_test::0 - 测试日志 77

2025-09-02T02:59:15.036848 [INFO] performance_test::0 - 测试日志 78

2025-09-02T02:59:15.036950 [INFO] performance_test::0 - 测试日志 79

2025-09-02T02:59:15.037049 [INFO] performance_test::0 - 测试日志 80

2025-09-02T02:59:15.037150 [INFO] performance_test::0 - 测试日志 81

2025-09-02T02:59:15.037251 [INFO] performance_test::0 - 测试日志 82

2025-09-02T02:59:15.037352 [INFO] performance_test::0 - 测试日志 83

2025-09-02T02:59:15.037452 [INFO] performance_test::0 - 测试日志 84

2025-09-02T02:59:15.037551 [INFO] performance_test::0 - 测试日志 85

2025-09-02T02:59:15.037649 [INFO] performance_test::0 - 测试日志 86

2025-09-02T02:59:15.037747 [INFO] performance_test::0 - 测试日志 87

2025-09-02T02:59:15.037933 [INFO] performance_test::0 - 测试日志 88

2025-09-02T02:59:15.038122 [INFO] performance_test::0 - 测试日志 89

2025-09-02T02:59:15.038258 [INFO] performance_test::0 - 测试日志 90

2025-09-02T02:59:15.038369 [INFO] performance_test::0 - 测试日志 91

2025-09-02T02:59:15.038473 [INFO] performance_test::0 - 测试日志 92

2025-09-02T02:59:15.038578 [INFO] performance_test::0 - 测试日志 93

2025-09-02T02:59:15.038681 [INFO] performance_test::0 - 测试日志 94

2025-09-02T02:59:15.038780 [INFO] performance_test::0 - 测试日志 95

2025-09-02T02:59:15.038894 [INFO] performance_test::0 - 测试日志 96

2025-09-02T02:59:15.039003 [INFO] performance_test::0 - 测试日志 97

2025-09-02T02:59:15.039116 [INFO] performance_test::0 - 测试日志 98

2025-09-02T02:59:15.039224 [INFO] performance_test::0 - 测试日志 99

2025-09-02T02:59:23.046028 [INFO] thread_0::0 - 线程0日志0

2025-09-02T02:59:23.046324 [INFO] thread_1::0 - 线程1日志0

2025-09-02T02:59:23.046667 [INFO] thread_0::0 - 线程0日志1

2025-09-02T02:59:23.046750 [INFO] thread_2::0 - 线程2日志0

2025-09-02T02:59:23.047060 [INFO] thread_3::0 - 线程3日志0

2025-09-02T02:59:23.047336 [INFO] thread_1::0 - 线程1日志1

2025-09-02T02:59:23.047722 [INFO] thread_2::0 - 线程2日志1

2025-09-02T02:59:23.047409 [INFO] thread_4::0 - 线程4日志0

2025-09-02T02:59:23.047810 [INFO] thread_0::0 - 线程0日志2

2025-09-02T02:59:23.048561 [INFO] thread_4::0 - 线程4日志1

2025-09-02T02:59:23.047968 [INFO] thread_3::0 - 线程3日志1

2025-09-02T02:59:23.048204 [INFO] thread_1::0 - 线程1日志2

2025-09-02T02:59:23.048819 [INFO] thread_2::0 - 线程2日志2

2025-09-02T02:59:23.048963 [INFO] thread_0::0 - 线程0日志3

2025-09-02T02:59:23.049356 [INFO] thread_4::0 - 线程4日志2

2025-09-02T02:59:23.049149 [INFO] thread_3::0 - 线程3日志2

2025-09-02T02:59:23.049851 [INFO] thread_2::0 - 线程2日志3

2025-09-02T02:59:23.050065 [INFO] thread_1::0 - 线程1日志3

2025-09-02T02:59:23.050212 [INFO] thread_0::0 - 线程0日志4

2025-09-02T02:59:23.050610 [INFO] thread_2::0 - 线程2日志4

2025-09-02T02:59:23.050460 [INFO] thread_3::0 - 线程3日志3

2025-09-02T02:59:23.050785 [INFO] thread_4::0 - 线程4日志3

2025-09-02T02:59:23.050929 [INFO] thread_1::0 - 线程1日志4

2025-09-02T02:59:23.051282 [INFO] thread_0::0 - 线程0日志5

2025-09-02T02:59:23.051473 [INFO] thread_4::0 - 线程4日志4

2025-09-02T02:59:23.051786 [INFO] thread_2::0 - 线程2日志5

2025-09-02T02:59:23.051892 [INFO] thread_1::0 - 线程1日志5

2025-09-02T02:59:23.052332 [INFO] thread_4::0 - 线程4日志5

2025-09-02T02:59:23.052657 [INFO] thread_0::0 - 线程0日志6

2025-09-02T02:59:23.052546 [INFO] thread_3::0 - 线程3日志4

2025-09-02T02:59:23.052770 [INFO] thread_2::0 - 线程2日志6

2025-09-02T02:59:23.052983 [INFO] thread_1::0 - 线程1日志6

2025-09-02T02:59:23.053320 [INFO] thread_4::0 - 线程4日志6

2025-09-02T02:59:23.053544 [INFO] thread_3::0 - 线程3日志5

2025-09-02T02:59:23.053717 [INFO] thread_0::0 - 线程0日志7

2025-09-02T02:59:23.053999 [INFO] thread_2::0 - 线程2日志7

2025-09-02T02:59:23.054877 [INFO] thread_4::0 - 线程4日志7

2025-09-02T02:59:23.054200 [INFO] thread_1::0 - 线程1日志7

2025-09-02T02:59:23.054761 [INFO] thread_0::0 - 线程0日志8

2025-09-02T02:59:23.054512 [INFO] thread_3::0 - 线程3日志6

2025-09-02T02:59:23.055637 [INFO] thread_4::0 - 线程4日志8

2025-09-02T02:59:23.055862 [INFO] thread_0::0 - 线程0日志9

2025-09-02T02:59:23.056000 [INFO] thread_1::0 - 线程1日志8

2025-09-02T02:59:23.055422 [INFO] thread_2::0 - 线程2日志8

2025-09-02T02:59:23.056466 [INFO] thread_4::0 - 线程4日志9

2025-09-02T02:59:23.056276 [INFO] thread_3::0 - 线程3日志7

2025-09-02T02:59:23.056615 [INFO] thread_0::0 - 线程0日志10

2025-09-02T02:59:23.056924 [INFO] thread_1::0 - 线程1日志9

2025-09-02T02:59:23.057048 [INFO] thread_2::0 - 线程2日志9

2025-09-02T02:59:23.057240 [INFO] thread_4::0 - 线程4日志10

2025-09-02T02:59:23.057648 [INFO] thread_1::0 - 线程1日志10

2025-09-02T02:59:23.057879 [INFO] thread_0::0 - 线程0日志11

2025-09-02T02:59:23.058215 [INFO] thread_2::0 - 线程2日志10

2025-09-02T02:59:23.058310 [INFO] thread_4::0 - 线程4日志11

2025-09-02T02:59:23.058140 [INFO] thread_3::0 - 线程3日志8

2025-09-02T02:59:23.058372 [INFO] thread_1::0 - 线程1日志11

2025-09-02T02:59:23.058499 [INFO] thread_0::0 - 线程0日志12

2025-09-02T02:59:23.059088 [INFO] thread_2::0 - 线程2日志11

2025-09-02T02:59:23.059192 [INFO] thread_3::0 - 线程3日志9

2025-09-02T02:59:23.059591 [INFO] thread_0::0 - 线程0日志13

2025-09-02T02:59:23.059317 [INFO] thread_4::0 - 线程4日志12

2025-09-02T02:59:23.059708 [INFO] thread_1::0 - 线程1日志12

2025-09-02T02:59:23.060137 [INFO] thread_3::0 - 线程3日志10

2025-09-02T02:59:23.060013 [INFO] thread_2::0 - 线程2日志12

2025-09-02T02:59:23.060300 [INFO] thread_1::0 - 线程1日志13

2025-09-02T02:59:23.060664 [INFO] thread_0::0 - 线程0日志14

2025-09-02T02:59:23.060570 [INFO] thread_4::0 - 线程4日志13

2025-09-02T02:59:23.060935 [INFO] thread_2::0 - 线程2日志13

2025-09-02T02:59:23.060803 [INFO] thread_3::0 - 线程3日志11

2025-09-02T02:59:23.061294 [INFO] thread_1::0 - 线程1日志14

2025-09-02T02:59:23.061418 [INFO] thread_0::0 - 线程0日志15

2025-09-02T02:59:23.061599 [INFO] thread_4::0 - 线程4日志14

2025-09-02T02:59:23.061684 [INFO] thread_2::0 - 线程2日志14

2025-09-02T02:59:23.061770 [INFO] thread_3::0 - 线程3日志12

2025-09-02T02:59:23.062017 [INFO] thread_0::0 - 线程0日志16

2025-09-02T02:59:23.062177 [INFO] thread_4::0 - 线程4日志15

2025-09-02T02:59:23.062482 [INFO] thread_2::0 - 线程2日志15

2025-09-02T02:59:23.062356 [INFO] thread_3::0 - 线程3日志13

2025-09-02T02:59:23.062732 [INFO] thread_1::0 - 线程1日志16

2025-09-02T02:59:23.062960 [INFO] thread_4::0 - 线程4日志16

2025-09-02T02:59:23.062814 [INFO] thread_0::0 - 线程0日志17

2025-09-02T02:59:23.063196 [INFO] thread_2::0 - 线程2日志16

2025-09-02T02:59:23.063351 [INFO] thread_1::0 - 线程1日志17

2025-09-02T02:59:23.063580 [INFO] thread_4::0 - 线程4日志17

2025-09-02T02:59:23.063440 [INFO] thread_3::0 - 线程3日志14

2025-09-02T02:59:23.063722 [INFO] thread_0::0 - 线程0日志18

2025-09-02T02:59:23.063885 [INFO] thread_2::0 - 线程2日志17

2025-09-02T02:59:23.064098 [INFO] thread_1::0 - 线程1日志18

2025-09-02T02:59:23.064560 [INFO] thread_0::0 - 线程0日志19

2025-09-02T02:59:23.064224 [INFO] thread_4::0 - 线程4日志18

2025-09-02T02:59:23.064683 [INFO] thread_1::0 - 线程1日志19

2025-09-02T02:59:23.064621 [INFO] thread_2::0 - 线程2日志18

2025-09-02T02:59:23.064432 [INFO] thread_3::0 - 线程3日志15

2025-09-02T02:59:23.064886 [INFO] thread_0::0 - 线程0日志20

2025-09-02T02:59:23.065080 [INFO] thread_1::0 - 线程1日志20

2025-09-02T02:59:23.065366 [INFO] thread_2::0 - 线程2日志19

2025-09-02T02:59:23.065234 [INFO] thread_4::0 - 线程4日志19

2025-09-02T02:59:23.065589 [INFO] thread_3::0 - 线程3日志16

2025-09-02T02:59:23.065813 [INFO] thread_0::0 - 线程0日志21

2025-09-02T02:59:23.066070 [INFO] thread_1::0 - 线程1日志21

2025-09-02T02:59:23.066377 [INFO] thread_2::0 - 线程2日志20

2025-09-02T02:59:23.066755 [INFO] thread_0::0 - 线程0日志22

2025-09-02T02:59:23.066537 [INFO] thread_3::0 - 线程3日志17

2025-09-02T02:59:23.066977 [INFO] thread_2::0 - 线程2日志21

2025-09-02T02:59:23.066906 [INFO] thread_1::0 - 线程1日志22

2025-09-02T02:59:23.067395 [INFO] thread_3::0 - 线程3日志18

2025-09-02T02:59:23.067044 [INFO] thread_4::0 - 线程4日志20

2025-09-02T02:59:23.067461 [INFO] thread_0::0 - 线程0日志23

2025-09-02T02:59:23.067590 [INFO] thread_2::0 - 线程2日志22

2025-09-02T02:59:23.067676 [INFO] thread_1::0 - 线程1日志23

2025-09-02T02:59:23.067935 [INFO] thread_3::0 - 线程3日志19

2025-09-02T02:59:23.068338 [INFO] thread_2::0 - 线程2日志23

2025-09-02T02:59:23.068225 [INFO] thread_0::0 - 线程0日志24

2025-09-02T02:59:23.068025 [INFO] thread_4::0 - 线程4日志21

2025-09-02T02:59:23.068394 [INFO] thread_1::0 - 线程1日志24

2025-09-02T02:59:23.068539 [INFO] thread_3::0 - 线程3日志20

2025-09-02T02:59:23.068794 [INFO] thread_2::0 - 线程2日志24

2025-09-02T02:59:23.068973 [INFO] thread_0::0 - 线程0日志25

2025-09-02T02:59:23.069039 [INFO] thread_4::0 - 线程4日志22

2025-09-02T02:59:23.069164 [INFO] thread_1::0 - 线程1日志25

2025-09-02T02:59:23.069230 [INFO] thread_3::0 - 线程3日志21

2025-09-02T02:59:23.069408 [INFO] thread_2::0 - 线程2日志25

2025-09-02T02:59:23.069575 [INFO] thread_0::0 - 线程0日志26

2025-09-02T02:59:23.069638 [INFO] thread_4::0 - 线程4日志23

2025-09-02T02:59:23.070113 [INFO] thread_3::0 - 线程3日志22

2025-09-02T02:59:23.069997 [INFO] thread_1::0 - 线程1日志26

2025-09-02T02:59:23.070268 [INFO] thread_4::0 - 线程4日志24

2025-09-02T02:59:23.070325 [INFO] thread_2::0 - 线程2日志26

2025-09-02T02:59:23.070564 [INFO] thread_3::0 - 线程3日志23

2025-09-02T02:59:23.070695 [INFO] thread_1::0 - 线程1日志27

2025-09-02T02:59:23.070216 [INFO] thread_0::0 - 线程0日志27

2025-09-02T02:59:23.070765 [INFO] thread_4::0 - 线程4日志25

2025-09-02T02:59:23.071087 [INFO] thread_0::0 - 线程0日志28

2025-09-02T02:59:23.071292 [INFO] thread_3::0 - 线程3日志24

2025-09-02T02:59:23.070968 [INFO] thread_2::0 - 线程2日志27

2025-09-02T02:59:23.071362 [INFO] thread_1::0 - 线程1日志28

2025-09-02T02:59:23.071750 [INFO] thread_3::0 - 线程3日志25

2025-09-02T02:59:23.071628 [INFO] thread_4::0 - 线程4日志26

2025-09-02T02:59:23.071837 [INFO] thread_0::0 - 线程0日志29

2025-09-02T02:59:23.071981 [INFO] thread_2::0 - 线程2日志28

2025-09-02T02:59:23.072158 [INFO] thread_1::0 - 线程1日志29

2025-09-02T02:59:23.072724 [INFO] thread_2::0 - 线程2日志29

2025-09-02T02:59:23.072600 [INFO] thread_3::0 - 线程3日志26

2025-09-02T02:59:23.072920 [INFO] thread_1::0 - 线程1日志30

2025-09-02T02:59:23.073287 [INFO] thread_4::0 - 线程4日志28

2025-09-02T02:59:23.073369 [INFO] thread_2::0 - 线程2日志30

2025-09-02T02:59:23.073603 [INFO] thread_1::0 - 线程1日志31

2025-09-02T02:59:23.073489 [INFO] thread_3::0 - 线程3日志27

2025-09-02T02:59:23.073682 [INFO] thread_0::0 - 线程0日志31

2025-09-02T02:59:23.073923 [INFO] thread_4::0 - 线程4日志29

2025-09-02T02:59:23.073995 [INFO] thread_2::0 - 线程2日志31

2025-09-02T02:59:23.074113 [INFO] thread_1::0 - 线程1日志32

2025-09-02T02:59:23.074218 [INFO] thread_3::0 - 线程3日志28

2025-09-02T02:59:23.074630 [INFO] thread_0::0 - 线程0日志32

2025-09-02T02:59:23.074458 [INFO] thread_4::0 - 线程4日志30

2025-09-02T02:59:23.074721 [INFO] thread_1::0 - 线程1日志33

2025-09-02T02:59:23.075215 [INFO] thread_3::0 - 线程3日志29

2025-09-02T02:59:23.074916 [INFO] thread_2::0 - 线程2日志32

2025-09-02T02:59:23.075622 [INFO] thread_4::0 - 线程4日志31

2025-09-02T02:59:23.075736 [INFO] thread_0::0 - 线程0日志33

2025-09-02T02:59:23.076181 [INFO] thread_2::0 - 线程2日志33

2025-09-02T02:59:23.075898 [INFO] thread_1::0 - 线程1日志34

2025-09-02T02:59:23.076441 [INFO] thread_4::0 - 线程4日志32

2025-09-02T02:59:23.076283 [INFO] thread_3::0 - 线程3日志30

2025-09-02T02:59:23.076650 [INFO] thread_0::0 - 线程0日志34

2025-09-02T02:59:23.077131 [INFO] thread_3::0 - 线程3日志31

2025-09-02T02:59:23.077010 [INFO] thread_2::0 - 线程2日志34

2025-09-02T02:59:23.077252 [INFO] thread_4::0 - 线程4日志33

2025-09-02T02:59:23.077340 [INFO] thread_1::0 - 线程1日志35

2025-09-02T02:59:23.077475 [INFO] thread_0::0 - 线程0日志35

2025-09-02T02:59:23.077761 [INFO] thread_2::0 - 线程2日志35

2025-09-02T02:59:23.077890 [INFO] thread_4::0 - 线程4日志34

2025-09-02T02:59:23.077587 [INFO] thread_3::0 - 线程3日志32

2025-09-02T02:59:23.078251 [INFO] thread_1::0 - 线程1日志36

2025-09-02T02:59:23.078654 [INFO] thread_4::0 - 线程4日志35

2025-09-02T02:59:23.078168 [INFO] thread_0::0 - 线程0日志36

2025-09-02T02:59:23.078728 [INFO] thread_2::0 - 线程2日志36

2025-09-02T02:59:23.078868 [INFO] thread_3::0 - 线程3日志33

2025-09-02T02:59:23.079410 [INFO] thread_0::0 - 线程0日志37

2025-09-02T02:59:23.079152 [INFO] thread_4::0 - 线程4日志36

2025-09-02T02:59:23.079519 [INFO] thread_1::0 - 线程1日志37

2025-09-02T02:59:23.079669 [INFO] thread_3::0 - 线程3日志34

2025-09-02T02:59:23.079996 [INFO] thread_0::0 - 线程0日志38

2025-09-02T02:59:23.079800 [INFO] thread_2::0 - 线程2日志37

2025-09-02T02:59:23.080200 [INFO] thread_4::0 - 线程4日志37

2025-09-02T02:59:23.080432 [INFO] thread_1::0 - 线程1日志38

2025-09-02T02:59:23.080612 [INFO] thread_3::0 - 线程3日志35

2025-09-02T02:59:23.080719 [INFO] thread_0::0 - 线程0日志39

2025-09-02T02:59:23.081025 [INFO] thread_4::0 - 线程4日志38

2025-09-02T02:59:23.081213 [INFO] thread_2::0 - 线程2日志38

2025-09-02T02:59:23.081408 [INFO] thread_1::0 - 线程1日志39

2025-09-02T02:59:23.081976 [INFO] thread_4::0 - 线程4日志39

2025-09-02T02:59:23.082169 [INFO] thread_0::0 - 线程0日志40

2025-09-02T02:59:23.082732 [INFO] thread_1::0 - 线程1日志40

2025-09-02T02:59:23.082393 [INFO] thread_2::0 - 线程2日志39

2025-09-02T02:59:23.082970 [INFO] thread_3::0 - 线程3日志37

2025-09-02T02:59:23.083538 [INFO] thread_0::0 - 线程0日志41

2025-09-02T02:59:23.083327 [INFO] thread_4::0 - 线程4日志40

2025-09-02T02:59:23.083799 [INFO] thread_2::0 - 线程2日志40

2025-09-02T02:59:23.083635 [INFO] thread_1::0 - 线程1日志41

2025-09-02T02:59:23.084436 [INFO] thread_2::0 - 线程2日志41

2025-09-02T02:59:23.084178 [INFO] thread_3::0 - 线程3日志38

2025-09-02T02:59:23.084267 [INFO] thread_0::0 - 线程0日志42

2025-09-02T02:59:23.084677 [INFO] thread_4::0 - 线程4日志41

2025-09-02T02:59:23.084972 [INFO] thread_2::0 - 线程2日志42

2025-09-02T02:59:23.084776 [INFO] thread_1::0 - 线程1日志42

2025-09-02T02:59:23.085173 [INFO] thread_3::0 - 线程3日志39

2025-09-02T02:59:23.085309 [INFO] thread_0::0 - 线程0日志43

2025-09-02T02:59:23.085511 [INFO] thread_2::0 - 线程2日志43

2025-09-02T02:59:23.085837 [INFO] thread_3::0 - 线程3日志40

2025-09-02T02:59:23.085729 [INFO] thread_1::0 - 线程1日志43

2025-09-02T02:59:23.086148 [INFO] thread_4::0 - 线程4日志42

2025-09-02T02:59:23.086394 [INFO] thread_2::0 - 线程2日志44

2025-09-02T02:59:23.086059 [INFO] thread_0::0 - 线程0日志44

2025-09-02T02:59:23.086548 [INFO] thread_1::0 - 线程1日志44

2025-09-02T02:59:23.086629 [INFO] thread_3::0 - 线程3日志41

2025-09-02T02:59:23.086797 [INFO] thread_4::0 - 线程4日志43

2025-09-02T02:59:23.086964 [INFO] thread_2::0 - 线程2日志45

2025-09-02T02:59:23.087330 [INFO] thread_3::0 - 线程3日志42

2025-09-02T02:59:23.087431 [INFO] thread_1::0 - 线程1日志45

2025-09-02T02:59:23.087606 [INFO] thread_4::0 - 线程4日志44

2025-09-02T02:59:23.087118 [INFO] thread_0::0 - 线程0日志45

2025-09-02T02:59:23.087769 [INFO] thread_2::0 - 线程2日志46

2025-09-02T02:59:23.088094 [INFO] thread_3::0 - 线程3日志43

2025-09-02T02:59:23.088383 [INFO] thread_4::0 - 线程4日志45

2025-09-02T02:59:23.088012 [INFO] thread_1::0 - 线程1日志46

2025-09-02T02:59:23.088491 [INFO] thread_0::0 - 线程0日志46

2025-09-02T02:59:23.088822 [INFO] thread_3::0 - 线程3日志44

2025-09-02T02:59:23.088570 [INFO] thread_2::0 - 线程2日志47

2025-09-02T02:59:23.089016 [INFO] thread_4::0 - 线程4日志46

2025-09-02T02:59:23.089133 [INFO] thread_1::0 - 线程1日志47

2025-09-02T02:59:23.089419 [INFO] thread_3::0 - 线程3日志45

2025-09-02T02:59:23.089286 [INFO] thread_0::0 - 线程0日志47

2025-09-02T02:59:23.089609 [INFO] thread_2::0 - 线程2日志48

2025-09-02T02:59:23.089972 [INFO] thread_3::0 - 线程3日志46

2025-09-02T02:59:23.090042 [INFO] thread_1::0 - 线程1日志48

2025-09-02T02:59:23.090274 [INFO] thread_0::0 - 线程0日志48

2025-09-02T02:59:23.090344 [INFO] thread_4::0 - 线程4日志47

2025-09-02T02:59:23.090577 [INFO] thread_3::0 - 线程3日志47

2025-09-02T02:59:23.090851 [INFO] thread_0::0 - 线程0日志49

2025-09-02T02:59:23.090649 [INFO] thread_2::0 - 线程2日志49

2025-09-02T02:59:23.090776 [INFO] thread_1::0 - 线程1日志49

2025-09-02T02:59:23.090998 [INFO] thread_4::0 - 线程4日志48

2025-09-02T02:59:23.091315 [INFO] thread_3::0 - 线程3日志48

2025-09-02T02:59:23.091608 [INFO] thread_4::0 - 线程4日志49

2025-09-02T02:59:23.091790 [INFO] thread_3::0 - 线程3日志49

