2025-08-31 04:21:58 | ERROR    | src.gui.game_settings_widget:_load_settings:298 - 加载游戏设置失败: 'ConfigManager' object has no attribute 'get_game_config'
2025-08-31 04:22:00 | ERROR    | src.gui.automation_settings_widget:_load_settings:591 - 加载自动化配置失败: 'ConfigManager' object has no attribute 'get_automation_config'
2025-08-31 07:18:37 | ERROR    | src.gui.task_list_widget:refresh_task_list:616 - 刷新任务列表失败: 'TaskConfig' object has no attribute 'name'
2025-08-31 07:18:42 | ERROR    | src.gui.task_list_widget:refresh_task_list:616 - 刷新任务列表失败: 'TaskConfig' object has no attribute 'name'
2025-08-31 07:20:42 | ERROR    | src.gui.task_list_widget:refresh_task_list:616 - 刷新任务列表失败: 'TaskConfig' object has no attribute 'name'
2025-08-31 07:20:44 | ERROR    | __main__:main:108 - 应用程序启动失败: type object 'ActionType' has no attribute 'DOUBLE_CLICK'
Traceback (most recent call last):

  File "E:\UGit\xingtie\src\main.py", line 113, in <module>
    sys.exit(main())
    │   │    └ <function main at 0x000001F32166EDE0>
    │   └ <built-in function exit>
    └ <module 'sys' (built-in)>

> File "E:\UGit\xingtie\src\main.py", line 96, in main
    main_window = MainWindow()
                  └ <class 'src.gui.main_window.MainWindow'>

  File "E:\UGit\xingtie\src\gui\main_window.py", line 92, in __init__
    self._init_ui()
    │    └ <function MainWindow._init_ui at 0x000001F339B0B1A0>
    └ <src.gui.main_window.MainWindow object at 0x000001F339B162B0>

  File "E:\UGit\xingtie\src\gui\main_window.py", line 178, in _init_ui
    right_panel = self._create_right_panel()
                  │    └ <function MainWindow._create_right_panel at 0x000001F339B0B2E0>
                  └ <src.gui.main_window.MainWindow object at 0x000001F339B162B0>

  File "E:\UGit\xingtie\src\gui\main_window.py", line 294, in _create_right_panel
    task_tab = self._create_task_tab()
               │    └ <function MainWindow._create_task_tab at 0x000001F339B0B380>
               └ <src.gui.main_window.MainWindow object at 0x000001F339B162B0>

  File "E:\UGit\xingtie\src\gui\main_window.py", line 346, in _create_task_tab
    self.task_creation_widget = TaskCreationWidget(self.task_manager)
    │                           │                  │    └ <src.core.task_manager.TaskManager object at 0x000001F33A848590>
    │                           │                  └ <src.gui.main_window.MainWindow object at 0x000001F339B162B0>
    │                           └ <class 'src.gui.task_creation_widget.TaskCreationWidget'>
    └ <src.gui.main_window.MainWindow object at 0x000001F339B162B0>

  File "E:\UGit\xingtie\src\gui\task_creation_widget.py", line 43, in __init__
    self.validator = TaskValidator()
    │                └ <class 'src.core.task_validator.TaskValidator'>
    └ <src.gui.task_creation_widget.TaskCreationWidget object at 0x000001F33A9111D0>

  File "E:\UGit\xingtie\src\core\task_validator.py", line 52, in __init__
    ActionType.DOUBLE_CLICK: ['x', 'y', 'template'],
    └ <enum 'ActionType'>

AttributeError: type object 'ActionType' has no attribute 'DOUBLE_CLICK'
2025-08-31 07:21:14 | ERROR    | src.gui.task_list_widget:refresh_task_list:616 - 刷新任务列表失败: 'TaskConfig' object has no attribute 'name'
2025-08-31 07:21:19 | ERROR    | src.gui.task_list_widget:refresh_task_list:616 - 刷新任务列表失败: 'TaskConfig' object has no attribute 'name'
2025-08-31 07:21:29 | ERROR    | src.gui.task_list_widget:refresh_task_list:616 - 刷新任务列表失败: 'TaskConfig' object has no attribute 'name'
2025-08-31 07:21:34 | ERROR    | src.gui.task_list_widget:refresh_task_list:616 - 刷新任务列表失败: 'TaskConfig' object has no attribute 'name'
2025-08-31 07:21:39 | ERROR    | src.gui.task_list_widget:refresh_task_list:616 - 刷新任务列表失败: 'TaskConfig' object has no attribute 'name'
2025-08-31 07:21:44 | ERROR    | src.gui.task_list_widget:refresh_task_list:616 - 刷新任务列表失败: 'TaskConfig' object has no attribute 'name'
2025-08-31 07:21:49 | ERROR    | src.gui.task_list_widget:refresh_task_list:616 - 刷新任务列表失败: 'TaskConfig' object has no attribute 'name'
2025-08-31 07:21:54 | ERROR    | src.gui.task_list_widget:refresh_task_list:616 - 刷新任务列表失败: 'TaskConfig' object has no attribute 'name'
2025-08-31 07:22:04 | ERROR    | src.gui.task_list_widget:refresh_task_list:616 - 刷新任务列表失败: 'TaskConfig' object has no attribute 'name'
2025-08-31 07:22:09 | ERROR    | src.gui.task_list_widget:refresh_task_list:616 - 刷新任务列表失败: 'TaskConfig' object has no attribute 'name'
2025-08-31 08:24:48 | ERROR    | src.database.db_manager:get_connection:51 - 数据库操作失败: CHECK constraint failed: status IN ('pending', 'running', 'completed', 'failed', 'paused', 'cancelled')
2025-08-31 09:34:28 | ERROR    | src.gui.task_list_widget:refresh_task_list:682 - 刷新任务列表失败: 'coroutine' object is not iterable
2025-08-31 09:34:33 | ERROR    | src.gui.task_list_widget:refresh_task_list:682 - 刷新任务列表失败: 'coroutine' object is not iterable
2025-08-31 09:34:38 | ERROR    | src.gui.task_list_widget:refresh_task_list:682 - 刷新任务列表失败: 'coroutine' object is not iterable
2025-08-31 09:34:43 | ERROR    | src.gui.task_list_widget:refresh_task_list:682 - 刷新任务列表失败: 'coroutine' object is not iterable
2025-08-31 09:34:48 | ERROR    | src.gui.task_list_widget:refresh_task_list:682 - 刷新任务列表失败: 'coroutine' object is not iterable
2025-08-31 09:35:51 | ERROR    | src.core.task_manager:list_tasks_sync:1291 - 转换任务数据失败 0571bb6a-314f-4b64-91c3-49e53e959f75: 'DatabaseManager' object has no attribute 'get_task_config'
2025-08-31 09:35:51 | ERROR    | src.core.task_manager:list_tasks_sync:1291 - 转换任务数据失败 e69ced01-f3f2-4bb3-9759-cf019d5aad11: 'DatabaseManager' object has no attribute 'get_task_config'
2025-08-31 09:35:51 | ERROR    | src.core.task_manager:list_tasks_sync:1291 - 转换任务数据失败 296cc4b7-191f-4de3-a4c9-fe2ecf207861: 'DatabaseManager' object has no attribute 'get_task_config'
2025-08-31 09:35:56 | ERROR    | src.core.task_manager:list_tasks_sync:1291 - 转换任务数据失败 0571bb6a-314f-4b64-91c3-49e53e959f75: 'DatabaseManager' object has no attribute 'get_task_config'
2025-08-31 09:35:56 | ERROR    | src.core.task_manager:list_tasks_sync:1291 - 转换任务数据失败 e69ced01-f3f2-4bb3-9759-cf019d5aad11: 'DatabaseManager' object has no attribute 'get_task_config'
2025-08-31 09:35:56 | ERROR    | src.core.task_manager:list_tasks_sync:1291 - 转换任务数据失败 296cc4b7-191f-4de3-a4c9-fe2ecf207861: 'DatabaseManager' object has no attribute 'get_task_config'
2025-08-31 09:36:01 | ERROR    | src.core.task_manager:list_tasks_sync:1291 - 转换任务数据失败 0571bb6a-314f-4b64-91c3-49e53e959f75: 'DatabaseManager' object has no attribute 'get_task_config'
2025-08-31 09:36:01 | ERROR    | src.core.task_manager:list_tasks_sync:1291 - 转换任务数据失败 e69ced01-f3f2-4bb3-9759-cf019d5aad11: 'DatabaseManager' object has no attribute 'get_task_config'
2025-08-31 09:36:01 | ERROR    | src.core.task_manager:list_tasks_sync:1291 - 转换任务数据失败 296cc4b7-191f-4de3-a4c9-fe2ecf207861: 'DatabaseManager' object has no attribute 'get_task_config'
2025-08-31 09:37:03 | ERROR    | src.gui.task_list_widget:_show_task_details:601 - 显示任务详情失败: 'coroutine' object has no attribute 'config'
2025-08-31 09:38:19 | ERROR    | src.gui.task_list_widget:_show_task_details:601 - 显示任务详情失败: 'coroutine' object has no attribute 'config'
2025-08-31 09:38:19 | ERROR    | src.gui.task_list_widget:_show_task_details:601 - 显示任务详情失败: 'coroutine' object has no attribute 'config'
2025-08-31 09:38:20 | ERROR    | src.gui.task_list_widget:_show_task_details:601 - 显示任务详情失败: 'coroutine' object has no attribute 'config'
2025-08-31 09:39:31 | ERROR    | src.gui.task_list_widget:_show_task_details:601 - 显示任务详情失败: 'coroutine' object has no attribute 'config'
2025-08-31 09:39:31 | ERROR    | src.gui.task_list_widget:_show_task_details:601 - 显示任务详情失败: 'coroutine' object has no attribute 'config'
2025-08-31 09:39:32 | ERROR    | src.gui.task_list_widget:_show_task_details:601 - 显示任务详情失败: 'coroutine' object has no attribute 'config'
2025-08-31 09:40:13 | ERROR    | src.gui.task_list_widget:_show_task_details:601 - 显示任务详情失败: 'coroutine' object has no attribute 'config'
2025-08-31 09:40:13 | ERROR    | src.gui.task_list_widget:_show_task_details:601 - 显示任务详情失败: 'coroutine' object has no attribute 'config'
2025-08-31 09:40:14 | ERROR    | src.gui.task_list_widget:_show_task_details:601 - 显示任务详情失败: 'coroutine' object has no attribute 'config'
2025-08-31 09:40:56 | ERROR    | src.gui.task_list_widget:_show_task_details:601 - 显示任务详情失败: 'TaskManager' object has no attribute 'get_task_sync'
2025-08-31 09:40:57 | ERROR    | src.gui.task_list_widget:_show_task_details:601 - 显示任务详情失败: 'TaskManager' object has no attribute 'get_task_sync'
2025-08-31 09:40:57 | ERROR    | src.gui.task_list_widget:_show_task_details:601 - 显示任务详情失败: 'TaskManager' object has no attribute 'get_task_sync'
2025-08-31 09:42:52 | ERROR    | src.core.task_manager:get_task_sync:1027 - 获取任务失败: 'DatabaseManager' object has no attribute 'connection'
2025-08-31 09:42:53 | ERROR    | src.core.task_manager:get_task_sync:1027 - 获取任务失败: 'DatabaseManager' object has no attribute 'connection'
2025-08-31 09:42:54 | ERROR    | src.core.task_manager:get_task_sync:1027 - 获取任务失败: 'DatabaseManager' object has no attribute 'connection'
2025-08-31 12:36:19 | ERROR    | src.gui.task_list_widget:_show_task_details:601 - 显示任务详情失败: 'dict' object has no attribute 'task_name'
2025-08-31 12:36:23 | ERROR    | src.gui.task_list_widget:_show_task_details:601 - 显示任务详情失败: 'dict' object has no attribute 'task_name'
2025-08-31 20:39:13 | ERROR    | core.task_manager:list_tasks_sync:1329 - 转换任务数据失败 296cc4b7-191f-4de3-a4c9-fe2ecf207861: 'automation' is not a valid TaskType
2025-08-31 20:39:18 | ERROR    | core.task_manager:list_tasks_sync:1329 - 转换任务数据失败 296cc4b7-191f-4de3-a4c9-fe2ecf207861: 'automation' is not a valid TaskType
2025-08-31 20:39:23 | ERROR    | core.task_manager:list_tasks_sync:1329 - 转换任务数据失败 296cc4b7-191f-4de3-a4c9-fe2ecf207861: 'automation' is not a valid TaskType
2025-08-31 20:39:28 | ERROR    | core.task_manager:list_tasks_sync:1329 - 转换任务数据失败 296cc4b7-191f-4de3-a4c9-fe2ecf207861: 'automation' is not a valid TaskType
2025-08-31 20:39:33 | ERROR    | core.task_manager:list_tasks_sync:1329 - 转换任务数据失败 296cc4b7-191f-4de3-a4c9-fe2ecf207861: 'automation' is not a valid TaskType
2025-08-31 20:39:37 | ERROR    | core.task_manager:list_tasks_sync:1329 - 转换任务数据失败 296cc4b7-191f-4de3-a4c9-fe2ecf207861: 'automation' is not a valid TaskType
2025-08-31 20:39:38 | ERROR    | core.task_manager:list_tasks_sync:1329 - 转换任务数据失败 296cc4b7-191f-4de3-a4c9-fe2ecf207861: 'automation' is not a valid TaskType
2025-08-31 20:39:43 | ERROR    | core.task_manager:list_tasks_sync:1329 - 转换任务数据失败 296cc4b7-191f-4de3-a4c9-fe2ecf207861: 'automation' is not a valid TaskType
2025-08-31 20:39:48 | ERROR    | core.task_manager:list_tasks_sync:1329 - 转换任务数据失败 296cc4b7-191f-4de3-a4c9-fe2ecf207861: 'automation' is not a valid TaskType
2025-08-31 20:43:38 | ERROR    | core.task_manager:list_tasks_sync:1329 - 转换任务数据失败 296cc4b7-191f-4de3-a4c9-fe2ecf207861: 'automation' is not a valid TaskType
2025-08-31 20:43:43 | ERROR    | core.task_manager:list_tasks_sync:1329 - 转换任务数据失败 296cc4b7-191f-4de3-a4c9-fe2ecf207861: 'automation' is not a valid TaskType
2025-08-31 20:43:48 | ERROR    | core.task_manager:list_tasks_sync:1329 - 转换任务数据失败 296cc4b7-191f-4de3-a4c9-fe2ecf207861: 'automation' is not a valid TaskType
2025-08-31 20:43:53 | ERROR    | core.task_manager:list_tasks_sync:1329 - 转换任务数据失败 296cc4b7-191f-4de3-a4c9-fe2ecf207861: 'automation' is not a valid TaskType
2025-08-31 20:43:58 | ERROR    | core.task_manager:list_tasks_sync:1329 - 转换任务数据失败 296cc4b7-191f-4de3-a4c9-fe2ecf207861: 'automation' is not a valid TaskType
2025-08-31 20:44:03 | ERROR    | core.task_manager:list_tasks_sync:1329 - 转换任务数据失败 296cc4b7-191f-4de3-a4c9-fe2ecf207861: 'automation' is not a valid TaskType
2025-08-31 20:44:08 | ERROR    | core.task_manager:list_tasks_sync:1329 - 转换任务数据失败 296cc4b7-191f-4de3-a4c9-fe2ecf207861: 'automation' is not a valid TaskType
2025-08-31 20:44:13 | ERROR    | core.task_manager:list_tasks_sync:1329 - 转换任务数据失败 296cc4b7-191f-4de3-a4c9-fe2ecf207861: 'automation' is not a valid TaskType
2025-08-31 20:44:18 | ERROR    | core.task_manager:list_tasks_sync:1329 - 转换任务数据失败 296cc4b7-191f-4de3-a4c9-fe2ecf207861: 'automation' is not a valid TaskType
2025-08-31 20:44:23 | ERROR    | core.task_manager:list_tasks_sync:1329 - 转换任务数据失败 296cc4b7-191f-4de3-a4c9-fe2ecf207861: 'automation' is not a valid TaskType
2025-08-31 20:47:12 | ERROR    | src.gui.task_creation_widget:_create_task:527 - 任务创建失败: TaskValidator.validate_task_config() takes 2 positional arguments but 3 were given
2025-08-31 20:47:13 | ERROR    | src.gui.main_window:_on_task_creation_failed:575 - 任务创建失败: TaskValidator.validate_task_config() takes 2 positional arguments but 3 were given
2025-08-31 20:47:22 | ERROR    | core.task_manager:list_tasks_sync:1329 - 转换任务数据失败 ee6da7c0-703f-43a3-bea6-abdd8518fdc9: 'automation' is not a valid TaskType
2025-08-31 20:47:27 | ERROR    | core.task_manager:list_tasks_sync:1329 - 转换任务数据失败 ee6da7c0-703f-43a3-bea6-abdd8518fdc9: 'automation' is not a valid TaskType
2025-08-31 20:47:30 | ERROR    | database.db_manager:get_connection:51 - 数据库操作失败: CHECK constraint failed: status IN ('pending', 'running', 'completed', 'failed', 'paused', 'cancelled')
